2024-11-13 10:19:06,018 [INFO] Activator:176 - 


2024-11-13 10:19:06,020 [INFO] Activator:177 - !SESSION log4j initialized
2024-11-13 10:19:07,969 [INFO] LogOutputStream:77 - [STDOUT_REDIRECT] 
2024-11-13 10:19:09,460 [INFO] ApplicationProperties:184 - Using Application install path: C:\ST\STM32CubeIDE_1.16.1\STM32CubeIDE\plugins\com.st.stm32cube.common.mx_6.12.1.202409122256
2024-11-13 10:19:09,473 [INFO] DbMcusXml:78 - Set database path to: C:\ST\STM32CubeIDE_1.16.1\STM32CubeIDE\plugins\com.st.stm32cube.common.mx_6.12.1.202409122256\\db\/mcu/
2024-11-13 10:19:09,473 [INFO] ApiDb:274 - Set plugin database path to: C:\ST\STM32CubeIDE_1.16.1\STM32CubeIDE\plugins\com.st.stm32cube.common.mx_6.12.1.202409122256\\db\/plugins/boardmanager/
2024-11-13 10:19:09,473 [WARN] ApiDb:259 - Overriding images path with different value:  => C:\ST\STM32CubeIDE_1.16.1\STM32CubeIDE\plugins\com.st.stm32cube.common.mx_6.12.1.202409122256\\db\/plugins/mcufinder/images/
2024-11-13 10:19:09,478 [INFO] ApiDb:250 - Set database path to: C:\Users\diego\.stmcufinder\plugins\mcufinder//mcu/
2024-11-13 10:19:09,479 [INFO] DbMcusAds:125 - Set database path to: C:\Users\diego\.stmcufinder\plugins\mcufinder//mcu/
2024-11-13 10:19:09,481 [INFO] CrossReferenceDbSqlite:203 - Set database path to: C:\Users\diego\.stmcufinder\plugins\mcufinder//mcu/cs/
2024-11-13 10:19:09,565 [INFO] RulesReader:64 - Compatibility file has been processed (297 Rules)
2024-11-13 10:19:09,624 [INFO] DbMcusXml:78 - Set database path to: C:\ST\STM32CubeIDE_1.16.1\STM32CubeIDE\plugins\com.st.stm32cube.common.mx_6.12.1.202409122256\\db\/mcu/
2024-11-13 10:19:09,624 [INFO] ApiDb:274 - Set plugin database path to: C:\ST\STM32CubeIDE_1.16.1\STM32CubeIDE\plugins\com.st.stm32cube.common.mx_6.12.1.202409122256\\db\/plugins/boardmanager/
2024-11-13 10:19:09,624 [INFO] ApiDb:261 - Set plugin images path to: C:\ST\STM32CubeIDE_1.16.1\STM32CubeIDE\plugins\com.st.stm32cube.common.mx_6.12.1.202409122256\\db\/plugins/mcufinder/images/
2024-11-13 10:19:09,624 [WARN] DbFile:41 - Overriding database path with different value: C:\Users\diego\.stmcufinder\plugins\mcufinder/ => C:\Users\diego\.stmcufinder\plugins\mcufinder
2024-11-13 10:19:09,624 [INFO] ApiDb:250 - Set database path to: C:\Users\diego\.stmcufinder\plugins\mcufinder//mcu/
2024-11-13 10:19:09,624 [WARN] DbFile:41 - Overriding database path with different value: C:\Users\diego\.stmcufinder\plugins\mcufinder/ => C:\Users\diego\.stmcufinder\plugins\mcufinder
2024-11-13 10:19:09,624 [INFO] DbMcusAds:125 - Set database path to: C:\Users\diego\.stmcufinder\plugins\mcufinder//mcu/
2024-11-13 10:19:09,624 [WARN] DbFile:41 - Overriding database path with different value: C:\Users\diego\.stmcufinder\plugins\mcufinder/ => C:\Users\diego\.stmcufinder\plugins\mcufinder
2024-11-13 10:19:09,624 [WARN] DbFile:41 - Overriding database path with different value: C:\Users\diego\.stmcufinder\plugins\mcufinder/ => C:\Users\diego\.stmcufinder\plugins\mcufinder
2024-11-13 10:19:09,624 [INFO] CrossReferenceDbSqlite:203 - Set database path to: C:\Users\diego\.stmcufinder\plugins\mcufinder//mcu/cs/
2024-11-13 10:19:09,680 [INFO] MainPanel:268 - HeapMemory: 268435456
2024-11-13 10:19:09,739 [INFO] DbMcusXml:78 - Set database path to: C:\ST\STM32CubeIDE_1.16.1\STM32CubeIDE\plugins\com.st.stm32cube.common.mx_6.12.1.202409122256\\db\/mcu/
2024-11-13 10:19:09,739 [INFO] ApiDb:274 - Set plugin database path to: C:\ST\STM32CubeIDE_1.16.1\STM32CubeIDE\plugins\com.st.stm32cube.common.mx_6.12.1.202409122256\\db\/plugins/boardmanager/
2024-11-13 10:19:09,739 [INFO] ApiDb:261 - Set plugin images path to: C:\ST\STM32CubeIDE_1.16.1\STM32CubeIDE\plugins\com.st.stm32cube.common.mx_6.12.1.202409122256\\db\/plugins/mcufinder/images/
2024-11-13 10:19:09,740 [WARN] DbFile:41 - Overriding database path with different value: C:\Users\diego\.stmcufinder\plugins\mcufinder/ => C:\Users\diego\.stmcufinder\plugins\mcufinder
2024-11-13 10:19:09,740 [INFO] ApiDb:250 - Set database path to: C:\Users\diego\.stmcufinder\plugins\mcufinder//mcu/
2024-11-13 10:19:09,740 [WARN] DbFile:41 - Overriding database path with different value: C:\Users\diego\.stmcufinder\plugins\mcufinder/ => C:\Users\diego\.stmcufinder\plugins\mcufinder
2024-11-13 10:19:09,740 [INFO] DbMcusAds:125 - Set database path to: C:\Users\diego\.stmcufinder\plugins\mcufinder//mcu/
2024-11-13 10:19:09,740 [WARN] DbFile:41 - Overriding database path with different value: C:\Users\diego\.stmcufinder\plugins\mcufinder/ => C:\Users\diego\.stmcufinder\plugins\mcufinder
2024-11-13 10:19:09,740 [WARN] DbFile:41 - Overriding database path with different value: C:\Users\diego\.stmcufinder\plugins\mcufinder/ => C:\Users\diego\.stmcufinder\plugins\mcufinder
2024-11-13 10:19:09,740 [INFO] CrossReferenceDbSqlite:203 - Set database path to: C:\Users\diego\.stmcufinder\plugins\mcufinder//mcu/cs/
2024-11-13 10:19:09,753 [INFO] ApplicationProperties:184 - Using Application install path: C:\ST\STM32CubeIDE_1.16.1\STM32CubeIDE\plugins\com.st.stm32cube.common.mx_6.12.1.202409122256
2024-11-13 10:19:09,755 [INFO] PluginManage:196 - Search for loadable plugins [exclusion list=, ]
2024-11-13 10:19:09,755 [INFO] PluginManage:310 - Check plugin analytics
2024-11-13 10:19:09,904 [INFO] AnalyticsPlugin:253 - Accepted Software Licenses: STM32CubeMX.6.12.1,STM32CubeMX.5.6.1
2024-11-13 10:19:09,904 [INFO] AnalyticsPlugin:255 - Accepted CMSIS Pack Licenses: STMicroelectronics.X-CUBE-TOUCHGFX.4.13.0,STMicroelectronics.X-CUBE-TOUCHGFX.4.24.0
2024-11-13 10:19:09,904 [INFO] AnalyticsPlugin:257 - Accepted Firmware Licenses: FW.F7.1.17.0
2024-11-13 10:19:09,906 [INFO] PluginManage:359 - Loaded plugin analytics (category:tool,tabindex:-1)
2024-11-13 10:19:09,907 [INFO] PluginManage:310 - Check plugin cadmodel
2024-11-13 10:19:09,911 [INFO] CADModel:105 - Init CAD model plugin
2024-11-13 10:19:09,911 [INFO] PluginManage:359 - Loaded plugin cadmodel (category:power,tabindex:5)
2024-11-13 10:19:09,911 [INFO] PluginManage:310 - Check plugin clock
2024-11-13 10:19:09,917 [INFO] PluginManage:359 - Loaded plugin clock (category:base,tabindex:2)
2024-11-13 10:19:09,917 [INFO] PluginManage:310 - Check plugin ddr
2024-11-13 10:19:09,919 [INFO] PluginManage:359 - Loaded plugin ddr (category:tool,tabindex:6)
2024-11-13 10:19:09,920 [INFO] PluginManage:310 - Check plugin filemanager
2024-11-13 10:19:10,043 [INFO] PluginManage:359 - Loaded plugin filemanager (category:base,tabindex:10)
2024-11-13 10:19:10,043 [INFO] PluginManage:310 - Check plugin ipmanager
2024-11-13 10:19:10,049 [INFO] PluginManage:359 - Loaded plugin ipmanager (category:base,tabindex:5)
2024-11-13 10:19:10,049 [INFO] PluginManage:310 - Check plugin lpbam
2024-11-13 10:19:10,056 [INFO] PluginManage:359 - Loaded plugin lpbam (category:base,tabindex:0)
2024-11-13 10:19:10,056 [INFO] PluginManage:310 - Check plugin memorymap
2024-11-13 10:19:10,066 [INFO] PluginManage:359 - Loaded plugin memorymap (category:base,tabindex:4)
2024-11-13 10:19:10,066 [INFO] PluginManage:310 - Check plugin pinoutandconfiguration
2024-11-13 10:19:10,072 [INFO] PluginManage:359 - Loaded plugin pinoutandconfiguration (category:base,tabindex:1)
2024-11-13 10:19:10,073 [INFO] PluginManage:310 - Check plugin pinoutconfig
2024-11-13 10:19:10,141 [WARN] SupportedApi:132 - Cannot load RTOS API schema: s4s-elt-must-match.1: The content of 'definitions' must match (annotation?, (simpleType | complexType)?, (unique | key | keyref)*)). A problem was found starting at: attribute.
2024-11-13 10:19:10,275 [INFO] PluginManage:359 - Loaded plugin pinoutconfig (category:base,tabindex:0)
2024-11-13 10:19:10,275 [INFO] PluginManage:310 - Check plugin power
2024-11-13 10:19:10,281 [INFO] PluginManage:359 - Loaded plugin power (category:power,tabindex:4)
2024-11-13 10:19:10,281 [INFO] PluginManage:310 - Check plugin projectmanager
2024-11-13 10:19:10,293 [INFO] PluginManage:359 - Loaded plugin projectmanager (category:projectmanager,tabindex:4)
2024-11-13 10:19:10,293 [INFO] PluginManage:310 - Check plugin rif
2024-11-13 10:19:10,297 [INFO] PluginManage:359 - Loaded plugin rif (category:base,tabindex:3)
2024-11-13 10:19:10,297 [INFO] PluginManage:310 - Check plugin thirdparty
2024-11-13 10:19:10,384 [INFO] PluginManage:359 - Loaded plugin thirdparty (category:base,tabindex:-1)
2024-11-13 10:19:10,384 [INFO] PluginManage:310 - Check plugin tools
2024-11-13 10:19:10,384 [WARN] IntegrityCheckThread:84 - waiting for thirdparty lock release [integrity check]
2024-11-13 10:19:10,385 [INFO] IntegrityCheckThread:86 - entering critical section [integrity check]
2024-11-13 10:19:10,385 [INFO] ThirdPartyUpdaterWithRetryManager:70 - Updater plugin not ready yet. [1/15]
2024-11-13 10:19:10,388 [INFO] PluginManage:359 - Loaded plugin tools (category:base,tabindex:7)
2024-11-13 10:19:10,388 [INFO] PluginManage:310 - Check plugin tutovideos
2024-11-13 10:19:10,506 [INFO] PluginManage:359 - Loaded plugin tutovideos (category:base,tabindex:-1)
2024-11-13 10:19:10,506 [INFO] PluginManage:310 - Check plugin updater
2024-11-13 10:19:10,518 [INFO] PluginManage:359 - Loaded plugin updater (category:base,tabindex:12)
2024-11-13 10:19:10,519 [INFO] PluginManage:310 - Check plugin userauth
2024-11-13 10:19:10,523 [INFO] UserAuth:113 - Init User Auth plugin
2024-11-13 10:19:10,523 [INFO] PluginManage:359 - Loaded plugin userauth (category:base,tabindex:14)
2024-11-13 10:19:10,524 [INFO] PluginManage:283 - PluginManage : Loaded plugins [18]
2024-11-13 10:19:10,673 [INFO] PinOutPanel:1561 - setPackage(No Configuration,No Configuration)
2024-11-13 10:19:10,739 [INFO] CADModel:165 - CPN selected for project level
2024-11-13 10:19:10,739 [INFO] CADModel:114 - Register for checkConnection events
2024-11-13 10:19:10,752 [INFO] IPUIPlugin:80 - create IPUIPlugin
2024-11-13 10:19:10,752 [INFO] PluginManager:220 - loadIPPluginJar : add adc
2024-11-13 10:19:10,755 [INFO] IPUIPlugin:80 - create IPUIPlugin
2024-11-13 10:19:10,755 [INFO] PluginManager:220 - loadIPPluginJar : add aes
2024-11-13 10:19:10,757 [INFO] IPUIPlugin:80 - create IPUIPlugin
2024-11-13 10:19:10,757 [INFO] PluginManager:220 - loadIPPluginJar : add can
2024-11-13 10:19:10,758 [INFO] IPUIPlugin:80 - create IPUIPlugin
2024-11-13 10:19:10,758 [INFO] PluginManager:220 - loadIPPluginJar : add comp
2024-11-13 10:19:10,759 [INFO] IPUIPlugin:80 - create IPUIPlugin
2024-11-13 10:19:10,760 [INFO] PluginManager:220 - loadIPPluginJar : add cryp
2024-11-13 10:19:10,761 [INFO] IPUIPlugin:80 - create IPUIPlugin
2024-11-13 10:19:10,761 [INFO] PluginManager:220 - loadIPPluginJar : add ddr_ctrl_phy
2024-11-13 10:19:10,765 [INFO] IPUIPlugin:80 - create IPUIPlugin
2024-11-13 10:19:10,765 [INFO] PluginManager:220 - loadIPPluginJar : add dfsdm
2024-11-13 10:19:10,769 [INFO] IPUIPlugin:80 - create IPUIPlugin
2024-11-13 10:19:10,769 [INFO] PluginManager:220 - loadIPPluginJar : add dma
2024-11-13 10:19:10,771 [INFO] IPUIPlugin:80 - create IPUIPlugin
2024-11-13 10:19:10,771 [INFO] PluginManager:220 - loadIPPluginJar : add dma3
2024-11-13 10:19:10,773 [INFO] IPUIPlugin:80 - create IPUIPlugin
2024-11-13 10:19:10,773 [INFO] PluginManager:220 - loadIPPluginJar : add extmemmanager
2024-11-13 10:19:10,774 [INFO] IPUIPlugin:80 - create IPUIPlugin
2024-11-13 10:19:10,774 [INFO] PluginManager:220 - loadIPPluginJar : add fatfs
2024-11-13 10:19:10,777 [INFO] IPUIPlugin:80 - create IPUIPlugin
2024-11-13 10:19:10,777 [INFO] PluginManager:220 - loadIPPluginJar : add fmc
2024-11-13 10:19:10,781 [INFO] IPUIPlugin:80 - create IPUIPlugin
2024-11-13 10:19:10,782 [INFO] PluginManager:220 - loadIPPluginJar : add freertos
2024-11-13 10:19:10,782 [INFO] IPUIPlugin:80 - create IPUIPlugin
2024-11-13 10:19:10,782 [INFO] PluginManager:220 - loadIPPluginJar : add genericplugin
2024-11-13 10:19:10,784 [INFO] IPUIPlugin:80 - create IPUIPlugin
2024-11-13 10:19:10,784 [INFO] PluginManager:220 - loadIPPluginJar : add gfxmmu
2024-11-13 10:19:10,791 [INFO] IPUIPlugin:80 - create IPUIPlugin
2024-11-13 10:19:10,791 [INFO] PluginManager:220 - loadIPPluginJar : add gic
2024-11-13 10:19:10,794 [INFO] IPUIPlugin:80 - create IPUIPlugin
2024-11-13 10:19:10,794 [INFO] PluginManager:220 - loadIPPluginJar : add gpio
2024-11-13 10:19:10,796 [INFO] IPUIPlugin:80 - create IPUIPlugin
2024-11-13 10:19:10,796 [INFO] PluginManager:220 - loadIPPluginJar : add gtzc
2024-11-13 10:19:10,798 [INFO] IPUIPlugin:80 - create IPUIPlugin
2024-11-13 10:19:10,798 [INFO] PluginManager:220 - loadIPPluginJar : add hash
2024-11-13 10:19:10,800 [INFO] IPUIPlugin:80 - create IPUIPlugin
2024-11-13 10:19:10,800 [INFO] PluginManager:220 - loadIPPluginJar : add i2c
2024-11-13 10:19:10,802 [INFO] IPUIPlugin:80 - create IPUIPlugin
2024-11-13 10:19:10,802 [INFO] PluginManager:220 - loadIPPluginJar : add i2s
2024-11-13 10:19:10,805 [INFO] IPUIPlugin:80 - create IPUIPlugin
2024-11-13 10:19:10,805 [INFO] PluginManager:220 - loadIPPluginJar : add i3c
2024-11-13 10:19:10,806 [INFO] IPUIPlugin:80 - create IPUIPlugin
2024-11-13 10:19:10,806 [INFO] PluginManager:220 - loadIPPluginJar : add ipddr
2024-11-13 10:19:10,812 [INFO] IPUIPlugin:80 - create IPUIPlugin
2024-11-13 10:19:10,812 [INFO] PluginManager:220 - loadIPPluginJar : add linkedlist
2024-11-13 10:19:10,813 [INFO] IPUIPlugin:80 - create IPUIPlugin
2024-11-13 10:19:10,813 [INFO] PluginManager:220 - loadIPPluginJar : add lorawan
2024-11-13 10:19:10,815 [INFO] IPUIPlugin:80 - create IPUIPlugin
2024-11-13 10:19:10,815 [INFO] PluginManager:220 - loadIPPluginJar : add ltdc
2024-11-13 10:19:10,819 [INFO] IPUIPlugin:80 - create IPUIPlugin
2024-11-13 10:19:10,820 [INFO] PluginManager:220 - loadIPPluginJar : add mdma
2024-11-13 10:19:10,823 [INFO] IPUIPlugin:80 - create IPUIPlugin
2024-11-13 10:19:10,823 [INFO] PluginManager:220 - loadIPPluginJar : add nvic
2024-11-13 10:19:10,824 [INFO] IPUIPlugin:80 - create IPUIPlugin
2024-11-13 10:19:10,825 [INFO] PluginManager:220 - loadIPPluginJar : add opamp
2024-11-13 10:19:10,826 [INFO] IPUIPlugin:80 - create IPUIPlugin
2024-11-13 10:19:10,827 [INFO] PluginManager:220 - loadIPPluginJar : add openamp
2024-11-13 10:19:10,828 [INFO] IPUIPlugin:80 - create IPUIPlugin
2024-11-13 10:19:10,829 [INFO] PluginManager:220 - loadIPPluginJar : add pdm2pcm
2024-11-13 10:19:10,835 [INFO] IPUIPlugin:80 - create IPUIPlugin
2024-11-13 10:19:10,836 [INFO] PluginManager:220 - loadIPPluginJar : add plateformsettings
2024-11-13 10:19:10,839 [INFO] IPUIPlugin:80 - create IPUIPlugin
2024-11-13 10:19:10,839 [INFO] PluginManager:220 - loadIPPluginJar : add quadspi
2024-11-13 10:19:10,840 [INFO] IPUIPlugin:80 - create IPUIPlugin
2024-11-13 10:19:10,841 [INFO] PluginManager:220 - loadIPPluginJar : add radio
2024-11-13 10:19:10,843 [INFO] IPUIPlugin:80 - create IPUIPlugin
2024-11-13 10:19:10,843 [INFO] PluginManager:220 - loadIPPluginJar : add resmgrutility
2024-11-13 10:19:10,845 [INFO] IPUIPlugin:80 - create IPUIPlugin
2024-11-13 10:19:10,846 [INFO] PluginManager:220 - loadIPPluginJar : add sai
2024-11-13 10:19:10,847 [INFO] IPUIPlugin:80 - create IPUIPlugin
2024-11-13 10:19:10,847 [INFO] PluginManager:220 - loadIPPluginJar : add spi
2024-11-13 10:19:10,851 [INFO] IPUIPlugin:80 - create IPUIPlugin
2024-11-13 10:19:10,851 [INFO] PluginManager:220 - loadIPPluginJar : add stm32_wpan
2024-11-13 10:19:10,852 [INFO] IPUIPlugin:80 - create IPUIPlugin
2024-11-13 10:19:10,852 [INFO] PluginManager:220 - loadIPPluginJar : add tim
2024-11-13 10:19:10,855 [INFO] IPUIPlugin:80 - create IPUIPlugin
2024-11-13 10:19:10,855 [INFO] PluginManager:220 - loadIPPluginJar : add touchsensing
2024-11-13 10:19:10,857 [INFO] IPUIPlugin:80 - create IPUIPlugin
2024-11-13 10:19:10,857 [INFO] PluginManager:220 - loadIPPluginJar : add tracer_emb
2024-11-13 10:19:10,857 [INFO] IPUIPlugin:80 - create IPUIPlugin
2024-11-13 10:19:10,857 [INFO] PluginManager:220 - loadIPPluginJar : add ts
2024-11-13 10:19:10,859 [INFO] IPUIPlugin:80 - create IPUIPlugin
2024-11-13 10:19:10,859 [INFO] PluginManager:220 - loadIPPluginJar : add tsc
2024-11-13 10:19:10,860 [INFO] IPUIPlugin:80 - create IPUIPlugin
2024-11-13 10:19:10,860 [INFO] PluginManager:220 - loadIPPluginJar : add ucpd
2024-11-13 10:19:10,864 [INFO] IPUIPlugin:80 - create IPUIPlugin
2024-11-13 10:19:10,864 [INFO] PluginManager:220 - loadIPPluginJar : add usart
2024-11-13 10:19:10,868 [INFO] IPUIPlugin:80 - create IPUIPlugin
2024-11-13 10:19:10,868 [INFO] PluginManager:220 - loadIPPluginJar : add usbx
2024-11-13 10:19:10,981 [INFO] CADModel:165 - CPN selected for project level
2024-11-13 10:19:10,982 [INFO] CADModel:114 - Register for checkConnection events
2024-11-13 10:19:10,982 [FATAL] Updater:334 - Updater called before beeing initialized
2024-11-13 10:19:10,982 [ERROR] CADModel:125 - Updater not yet initialized, retry later 
2024-11-13 10:19:11,097 [INFO] CADModel:165 - CPN selected for project level
2024-11-13 10:19:11,098 [INFO] CADModel:114 - Register for checkConnection events
2024-11-13 10:19:11,098 [FATAL] Updater:334 - Updater called before beeing initialized
2024-11-13 10:19:11,098 [ERROR] CADModel:125 - Updater not yet initialized, retry later 
2024-11-13 10:19:11,100 [FATAL] Updater:334 - Updater called before beeing initialized
2024-11-13 10:19:11,181 [FATAL] Updater:334 - Updater called before beeing initialized
2024-11-13 10:19:11,184 [INFO] DbMcusAds:53 - JSON generation date=Fri Sep 20 15:04:23 CEST 2024 (1726837463113)
2024-11-13 10:19:11,184 [FATAL] Updater:334 - Updater called before beeing initialized
2024-11-13 10:19:11,211 [WARN] DetailPanel:346 - Failed to get advertising image, set to default
2024-11-13 10:19:11,278 [FATAL] Updater:334 - Updater called before beeing initialized
2024-11-13 10:19:11,279 [FATAL] Updater:334 - Updater called before beeing initialized
2024-11-13 10:19:11,279 [FATAL] Updater:334 - Updater called before beeing initialized
2024-11-13 10:19:11,279 [WARN] DetailPanel:346 - Failed to get advertising image, set to default
2024-11-13 10:19:11,280 [FATAL] Updater:334 - Updater called before beeing initialized
2024-11-13 10:19:11,313 [ERROR] Updater:1164 - MainUpdater not yet initialized. External WinMGr cannot be set.
2024-11-13 10:19:11,315 [INFO] Updater:1100 - Updater Version found : 6.12.1
2024-11-13 10:19:11,326 [INFO] ApplicationProperties:184 - Using Application install path: C:\ST\STM32CubeIDE_1.16.1\STM32CubeIDE\plugins\com.st.stm32cube.common.mx_6.12.1.202409122256
2024-11-13 10:19:11,563 [INFO] MainUpdater:2873 - connection check result : 10
2024-11-13 10:19:11,564 [INFO] MainUpdater:290 - Updater Check For Update Now.
2024-11-13 10:19:11,564 [INFO] MicroXplorer:498 - Change Database Version : DB.6.0.121
2024-11-13 10:19:11,583 [INFO] McuFinderGlobals:63 - Set McuFinder mode to 2 (CubeIDE integrated)
2024-11-13 10:19:11,584 [INFO] UserAuth:417 - Internet connection configuration mode: 1
2024-11-13 10:19:11,604 [INFO] JxBrowserEngine:152 - Initiate JxBrowser Engine with user profile folder
2024-11-13 10:19:11,763 [INFO] CheckServerUpdateThread:120 - End of CheckServer Thread
2024-11-13 10:19:12,109 [INFO] WebApp:167 - Instantiating new browser for Auth
2024-11-13 10:19:12,727 [INFO] WebApp:448 - Apply proxy settings
2024-11-13 10:19:12,727 [INFO] WebApp:533 - Chromium requires no authentication
2024-11-13 10:19:12,734 [INFO] WebApp:476 - Direct internet connection detected
2024-11-13 10:19:12,754 [INFO] WebApp:869 - Register for checkConnection events
2024-11-13 10:19:12,754 [INFO] WebApp:448 - Apply proxy settings
2024-11-13 10:19:12,755 [INFO] WebApp:533 - Chromium requires no authentication
2024-11-13 10:19:12,756 [INFO] WebApp:476 - Direct internet connection detected
2024-11-13 10:19:12,880 [INFO] WebApp:220 - Starting web application
2024-11-13 10:19:12,881 [INFO] WebApp:578 - Web application path used C:\ST\STM32CubeIDE_1.16.1\STM32CubeIDE\plugins\com.st.stm32cube.common.mx_6.12.1.202409122256\db\plugins\mcufinder\reactClient1\index.html
2024-11-13 10:19:12,958 [INFO] UserAuth:417 - Internet connection configuration mode: 1
2024-11-13 10:19:13,080 [INFO] WebApp:186 - Connection restablished
2024-11-13 10:19:13,656 [WARN] PackLoader:240 - Cannot read IP mode file for STMicroelectronics.FP-SNS-MOTENVWB1.1.4.0
2024-11-13 10:19:13,666 [WARN] PackLoader:240 - Cannot read IP mode file for STMicroelectronics.FP-ATR-ASTRA1.2.0.1
2024-11-13 10:19:13,673 [WARN] PackLoader:240 - Cannot read IP mode file for STMicroelectronics.X-CUBE-SMBUS.2.1.0
2024-11-13 10:19:13,682 [WARN] PackLoader:240 - Cannot read IP mode file for STMicroelectronics.X-CUBE-WB05N.1.1.0
2024-11-13 10:19:13,709 [WARN] PackLoader:240 - Cannot read IP mode file for STMicroelectronics.X-CUBE-AZRTOS-F7.1.1.0
2024-11-13 10:19:13,778 [WARN] PackLoader:240 - Cannot read IP mode file for STMicroelectronics.X-CUBE-MEMS1.11.0.0
2024-11-13 10:19:13,929 [WARN] PackLoader:240 - Cannot read IP mode file for STMicroelectronics.FP-SNS-FLIGHT1.5.0.2
2024-11-13 10:19:13,935 [WARN] PackLoader:240 - Cannot read IP mode file for STMicroelectronics.X-CUBE-DISPLAY.3.0.0
2024-11-13 10:19:13,943 [WARN] PackLoader:240 - Cannot read IP mode file for STMicroelectronics.X-CUBE-BLE1.7.0.0
2024-11-13 10:19:13,947 [WARN] PackLoader:240 - Cannot read IP mode file for emotas.I-CUBE-CANOPEN.1.3.0
2024-11-13 10:19:13,958 [WARN] PackLoader:240 - Cannot read IP mode file for STMicroelectronics.X-CUBE-BLEMGR.3.1.0
2024-11-13 10:19:13,963 [WARN] PackLoader:240 - Cannot read IP mode file for STMicroelectronics.FP-SNS-SMARTAG2.1.2.0
2024-11-13 10:19:13,970 [INFO] LogOutputStream:77 - [STDOUT_REDIRECT] 1 : Invalid condition id : UX_CORESTACK_Condition cause : null
2024-11-13 10:19:13,971 [INFO] LogOutputStream:77 - [STDOUT_REDIRECT] 1 : Invalid condition id : UX_CORESTACK_Condition cause : null
2024-11-13 10:19:13,972 [INFO] LogOutputStream:77 - [STDOUT_REDIRECT] 1 : Invalid condition id : UX_CORESTACK_Condition cause : null
2024-11-13 10:19:13,973 [INFO] LogOutputStream:77 - [STDOUT_REDIRECT] 1 : Invalid condition id : UX_CORESTACK_Condition cause : null
2024-11-13 10:19:13,974 [INFO] LogOutputStream:77 - [STDOUT_REDIRECT] 1 : Invalid condition id : UX_CORESTACK_Condition cause : null
2024-11-13 10:19:13,977 [WARN] PackLoader:240 - Cannot read IP mode file for STMicroelectronics.X-CUBE-AZRTOS-WL.2.0.0
2024-11-13 10:19:13,983 [WARN] PackLoader:240 - Cannot read IP mode file for STMicroelectronics.FP-SNS-MOTENV1.5.0.0
2024-11-13 10:19:13,988 [WARN] PackLoader:240 - Cannot read IP mode file for wolfSSL.I-CUBE-wolfMQTT.1.19.0
2024-11-13 10:19:13,994 [WARN] PackLoader:240 - Cannot read IP mode file for WES.I-CUBE-Cesium.1.3.0
2024-11-13 10:19:13,997 [WARN] PackLoader:240 - Cannot read IP mode file for STMicroelectronics.X-CUBE-BLE2.3.3.0
2024-11-13 10:19:14,001 [WARN] PackLoader:240 - Cannot read IP mode file for STMicroelectronics.X-CUBE-TCPP.4.1.0
2024-11-13 10:19:14,015 [WARN] PackLoader:240 - Cannot read IP mode file for STMicroelectronics.X-CUBE-AZRTOS-G0.1.1.0
2024-11-13 10:19:14,023 [WARN] PackLoader:240 - Cannot read IP mode file for STMicroelectronics.X-CUBE-SAFEA1.1.2.2
2024-11-13 10:19:14,027 [WARN] PackLoader:240 - Cannot read IP mode file for STMicroelectronics.X-CUBE-NFC4.3.0.0
2024-11-13 10:19:14,035 [WARN] PackLoader:240 - Cannot read IP mode file for EmbeddedOffice.I-CUBE-FS-RTOS.1.0.1
2024-11-13 10:19:14,035 [ERROR] ConditionMgr:805 - Attr not supported : Dmpu
2024-11-13 10:19:14,035 [ERROR] ConditionMgr:805 - Attr not supported : Dmpu
2024-11-13 10:19:14,035 [ERROR] ConditionMgr:805 - Attr not supported : Dmpu
2024-11-13 10:19:14,035 [ERROR] ConditionMgr:805 - Attr not supported : Dmpu
2024-11-13 10:19:14,035 [ERROR] ConditionMgr:805 - Attr not supported : Dmpu
2024-11-13 10:19:14,035 [ERROR] ConditionMgr:805 - Attr not supported : Dmpu
2024-11-13 10:19:14,035 [ERROR] ConditionMgr:805 - Attr not supported : Dmpu
2024-11-13 10:19:14,035 [ERROR] ConditionMgr:805 - Attr not supported : Dmpu
2024-11-13 10:19:14,035 [ERROR] ConditionMgr:805 - Attr not supported : Dmpu
2024-11-13 10:19:14,035 [ERROR] ConditionMgr:805 - Attr not supported : Dmpu
2024-11-13 10:19:14,035 [ERROR] ConditionMgr:805 - Attr not supported : Dmpu
2024-11-13 10:19:14,035 [ERROR] ConditionMgr:805 - Attr not supported : Dmpu
2024-11-13 10:19:14,035 [ERROR] ConditionMgr:805 - Attr not supported : Dmpu
2024-11-13 10:19:14,036 [ERROR] ConditionMgr:805 - Attr not supported : Dmpu
2024-11-13 10:19:14,036 [ERROR] ConditionMgr:805 - Attr not supported : Dmpu
2024-11-13 10:19:14,036 [ERROR] ConditionMgr:805 - Attr not supported : Dmpu
2024-11-13 10:19:14,036 [ERROR] ConditionMgr:805 - Attr not supported : Dmpu
2024-11-13 10:19:14,036 [ERROR] ConditionMgr:805 - Attr not supported : Dmpu
2024-11-13 10:19:14,036 [ERROR] ConditionMgr:805 - Attr not supported : Dmpu
2024-11-13 10:19:14,036 [ERROR] ConditionMgr:805 - Attr not supported : Dmpu
2024-11-13 10:19:14,036 [ERROR] ConditionMgr:805 - Attr not supported : Dmpu
2024-11-13 10:19:14,036 [ERROR] ConditionMgr:805 - Attr not supported : Dmpu
2024-11-13 10:19:14,036 [ERROR] ConditionMgr:805 - Attr not supported : Dmpu
2024-11-13 10:19:14,036 [ERROR] ConditionMgr:805 - Attr not supported : Dmpu
2024-11-13 10:19:14,036 [ERROR] ConditionMgr:805 - Attr not supported : Dmpu
2024-11-13 10:19:14,036 [ERROR] ConditionMgr:805 - Attr not supported : Dmpu
2024-11-13 10:19:14,036 [ERROR] ConditionMgr:805 - Attr not supported : Dmpu
2024-11-13 10:19:14,036 [ERROR] ConditionMgr:805 - Attr not supported : Dmpu
2024-11-13 10:19:14,036 [ERROR] ConditionMgr:805 - Attr not supported : Dmpu
2024-11-13 10:19:14,036 [ERROR] ConditionMgr:805 - Attr not supported : Dmpu
2024-11-13 10:19:14,036 [ERROR] ConditionMgr:805 - Attr not supported : Dmpu
2024-11-13 10:19:14,036 [ERROR] ConditionMgr:805 - Attr not supported : Dmpu
2024-11-13 10:19:14,036 [ERROR] ConditionMgr:805 - Attr not supported : Dmpu
2024-11-13 10:19:14,036 [ERROR] ConditionMgr:805 - Attr not supported : Dmpu
2024-11-13 10:19:14,036 [ERROR] ConditionMgr:805 - Attr not supported : Dmpu
2024-11-13 10:19:14,036 [ERROR] ConditionMgr:805 - Attr not supported : Dmpu
2024-11-13 10:19:14,037 [ERROR] ConditionMgr:805 - Attr not supported : Dmpu
2024-11-13 10:19:14,037 [ERROR] ConditionMgr:805 - Attr not supported : Dmpu
2024-11-13 10:19:14,037 [ERROR] ConditionMgr:805 - Attr not supported : Dmpu
2024-11-13 10:19:14,037 [ERROR] ConditionMgr:805 - Attr not supported : Dmpu
2024-11-13 10:19:14,037 [ERROR] ConditionMgr:805 - Attr not supported : Dmpu
2024-11-13 10:19:14,037 [ERROR] ConditionMgr:805 - Attr not supported : Dmpu
2024-11-13 10:19:14,037 [ERROR] ConditionMgr:805 - Attr not supported : Dmpu
2024-11-13 10:19:14,038 [ERROR] ConditionMgr:805 - Attr not supported : Dmpu
2024-11-13 10:19:14,038 [ERROR] ConditionMgr:805 - Attr not supported : Dmpu
2024-11-13 10:19:14,038 [ERROR] ConditionMgr:805 - Attr not supported : Dmpu
2024-11-13 10:19:14,038 [ERROR] ConditionMgr:805 - Attr not supported : Dmpu
2024-11-13 10:19:14,038 [ERROR] ConditionMgr:805 - Attr not supported : Dmpu
2024-11-13 10:19:14,038 [ERROR] ConditionMgr:805 - Attr not supported : Dmpu
2024-11-13 10:19:14,038 [ERROR] ConditionMgr:805 - Attr not supported : Dmpu
2024-11-13 10:19:14,038 [ERROR] ConditionMgr:805 - Attr not supported : Dmpu
2024-11-13 10:19:14,038 [ERROR] ConditionMgr:805 - Attr not supported : Dmpu
2024-11-13 10:19:14,038 [ERROR] ConditionMgr:805 - Attr not supported : Dmpu
2024-11-13 10:19:14,038 [ERROR] ConditionMgr:805 - Attr not supported : Dmpu
2024-11-13 10:19:14,038 [ERROR] ConditionMgr:805 - Attr not supported : Dmpu
2024-11-13 10:19:14,038 [ERROR] ConditionMgr:805 - Attr not supported : Dmpu
2024-11-13 10:19:14,038 [ERROR] ConditionMgr:805 - Attr not supported : Dmpu
2024-11-13 10:19:14,038 [ERROR] ConditionMgr:805 - Attr not supported : Dmpu
2024-11-13 10:19:14,038 [ERROR] ConditionMgr:805 - Attr not supported : Dmpu
2024-11-13 10:19:14,038 [ERROR] ConditionMgr:805 - Attr not supported : Dmpu
2024-11-13 10:19:14,038 [ERROR] ConditionMgr:805 - Attr not supported : Dmpu
2024-11-13 10:19:14,038 [ERROR] ConditionMgr:805 - Attr not supported : Dmpu
2024-11-13 10:19:14,038 [ERROR] ConditionMgr:805 - Attr not supported : Dmpu
2024-11-13 10:19:14,039 [ERROR] ConditionMgr:805 - Attr not supported : Dmpu
2024-11-13 10:19:14,042 [WARN] PackLoader:240 - Cannot read IP mode file for RealThread.X-CUBE-RT-Thread_Nano.4.1.1
2024-11-13 10:19:14,045 [WARN] PackLoader:240 - Cannot read IP mode file for STMicroelectronics.FP-ATR-SIGFOX1.3.2.0
2024-11-13 10:19:14,048 [WARN] PackLoader:240 - Cannot read IP mode file for wolfSSL.I-CUBE-wolfSSL.5.7.2
2024-11-13 10:19:14,051 [WARN] ConditionMgr:438 - getConditionDescription Invalid condition id : Cortex-A Device cause : null
2024-11-13 10:19:14,076 [WARN] ConditionMgr:1039 - genDependencies : Invalid condition id : Cortex-A Device cause : null
2024-11-13 10:19:14,076 [WARN] ConditionMgr:1039 - genDependencies : Invalid condition id : Cortex-A Device cause : null
2024-11-13 10:19:14,076 [WARN] ConditionMgr:1039 - genDependencies : Invalid condition id : Cortex-A Device cause : null
2024-11-13 10:19:14,081 [WARN] PackLoader:240 - Cannot read IP mode file for STMicroelectronics.X-CUBE-EEPRMA1.5.1.0
2024-11-13 10:19:14,087 [WARN] PackLoader:240 - Cannot read IP mode file for ITTIA_DB.I-CUBE-ITTIADB.8.9.0
2024-11-13 10:19:14,114 [WARN] PackLoader:240 - Cannot read IP mode file for SEGGER.I-CUBE-embOS.1.3.1
2024-11-13 10:19:14,170 [WARN] PackLoader:240 - Cannot read IP mode file for STMicroelectronics.X-CUBE-ALGOBUILD.1.4.0
2024-11-13 10:19:14,175 [WARN] PackLoader:240 - Cannot read IP mode file for STMicroelectronics.X-CUBE-AI.9.1.0
2024-11-13 10:19:14,192 [WARN] PackLoader:240 - Cannot read IP mode file for STMicroelectronics.X-CUBE-AZRTOS-F4.1.1.0
2024-11-13 10:19:14,205 [WARN] PackLoader:240 - Cannot read IP mode file for STMicroelectronics.X-CUBE-ISPU.2.1.0
2024-11-13 10:19:14,211 [WARN] PackLoader:240 - Cannot read IP mode file for STMicroelectronics.X-CUBE-FREERTOS.1.2.0
2024-11-13 10:19:14,234 [WARN] PackLoader:240 - Cannot read IP mode file for STMicroelectronics.X-CUBE-AZRTOS-L5.2.0.0
2024-11-13 10:19:14,244 [WARN] PackLoader:240 - Cannot read IP mode file for STMicroelectronics.X-CUBE-NFC6.3.1.0
2024-11-13 10:19:14,249 [WARN] PackLoader:240 - Cannot read IP mode file for STMicroelectronics.X-CUBE-DPower.1.2.0
2024-11-13 10:19:14,252 [WARN] PackLoader:240 - Cannot read IP mode file for STMicroelectronics.X-CUBE-AI.9.0.0
2024-11-13 10:19:14,257 [WARN] PackLoader:240 - Cannot read IP mode file for STMicroelectronics.X-CUBE-NFC7.1.0.1
2024-11-13 10:19:14,267 [WARN] ConditionMgr:438 - getConditionDescription Invalid condition id : LAN8742 Phy interface Condition cause : null
2024-11-13 10:19:14,268 [WARN] PackLoader:240 - Cannot read IP mode file for STMicroelectronics.X-CUBE-AZRTOS-L4.2.0.0
2024-11-13 10:19:14,268 [WARN] ConditionMgr:1039 - genDependencies : Invalid condition id : LAN8742 Phy interface Condition cause : null
2024-11-13 10:19:14,268 [WARN] ConditionMgr:1039 - genDependencies : Invalid condition id : LAN8742 Phy interface Condition cause : null
2024-11-13 10:19:14,269 [WARN] ConditionMgr:1039 - genDependencies : Invalid condition id : LAN8742 Phy interface Condition cause : null
2024-11-13 10:19:14,276 [WARN] PackLoader:240 - Cannot read IP mode file for STMicroelectronics.X-CUBE-SFXS2LP1.4.0.0
2024-11-13 10:19:14,292 [WARN] PackLoader:240 - Cannot read IP mode file for STMicroelectronics.X-CUBE-AZRTOS-H7.3.3.0
2024-11-13 10:19:14,303 [WARN] PackLoader:240 - Cannot read IP mode file for STMicroelectronics.X-CUBE-IPS.3.0.0
2024-11-13 10:19:14,313 [WARN] ConditionMgr:438 - getConditionDescription Invalid condition id : UX DEVICE CLASS RTOS Condition cause : null
2024-11-13 10:19:14,314 [WARN] ConditionMgr:438 - getConditionDescription Invalid condition id : UX DEVICE CLASS RTOS Condition cause : null
2024-11-13 10:19:14,320 [WARN] PackLoader:240 - Cannot read IP mode file for STMicroelectronics.X-CUBE-AZRTOS-WB.2.0.0
2024-11-13 10:19:14,320 [WARN] ConditionMgr:1039 - genDependencies : Invalid condition id : UX DEVICE CLASS RTOS Condition cause : null
2024-11-13 10:19:14,321 [WARN] ConditionMgr:1039 - genDependencies : Invalid condition id : UX DEVICE CLASS RTOS Condition cause : null
2024-11-13 10:19:14,321 [WARN] ConditionMgr:1039 - genDependencies : Invalid condition id : UX DEVICE CLASS RTOS Condition cause : null
2024-11-13 10:19:14,321 [WARN] ConditionMgr:1039 - genDependencies : Invalid condition id : UX DEVICE CLASS RTOS Condition cause : null
2024-11-13 10:19:14,321 [WARN] ConditionMgr:1039 - genDependencies : Invalid condition id : UX DEVICE CLASS RTOS Condition cause : null
2024-11-13 10:19:14,325 [WARN] PackLoader:240 - Cannot read IP mode file for STMicroelectronics.X-CUBE-GNSS1.7.0.0
2024-11-13 10:19:14,329 [WARN] PackLoader:240 - Cannot read IP mode file for STMicroelectronics.FP-SNS-STBOX1.2.0.0
2024-11-13 10:19:14,344 [WARN] PackLoader:240 - Cannot read IP mode file for STMicroelectronics.X-CUBE-SUBG2.5.0.0
2024-11-13 10:19:14,353 [WARN] PackLoader:240 - Cannot read IP mode file for STMicroelectronics.X-CUBE-TOUCHGFX.4.13.0
2024-11-13 10:19:14,414 [WARN] PackLoader:240 - Cannot read IP mode file for Cesanta.I-CUBE-Mongoose.7.13.0
2024-11-13 10:19:14,424 [WARN] PackLoader:240 - Cannot read IP mode file for STMicroelectronics.X-CUBE-AZRTOS-G4.2.0.0
2024-11-13 10:19:14,429 [WARN] PackLoader:240 - Cannot read IP mode file for STMicroelectronics.X-CUBE-ALS.1.0.2
2024-11-13 10:19:14,433 [WARN] PackLoader:240 - Cannot read IP mode file for STMicroelectronics.X-CUBE-TOUCHGFX.4.24.0
2024-11-13 10:19:14,477 [WARN] PackLoader:240 - Cannot read IP mode file for STMicroelectronics.X-CUBE-TOUCHGFX.4.24.1
2024-11-13 10:19:14,480 [WARN] PackLoader:240 - Cannot read IP mode file for wolfSSL.I-CUBE-wolfTPM.3.4.0
2024-11-13 10:19:14,485 [WARN] PackLoader:240 - Cannot read IP mode file for portGmbH.I-Cube-SoM-uGOAL.1.1.0
2024-11-13 10:19:14,497 [WARN] PackLoader:240 - Cannot read IP mode file for STMicroelectronics.X-CUBE-AZRTOS-H7RS.1.0.0
2024-11-13 10:19:14,501 [WARN] PackLoader:240 - Cannot read IP mode file for STMicroelectronics.FP-ATR-ASTRA1.2.0.0
2024-11-13 10:19:14,509 [WARN] PackLoader:240 - Cannot read IP mode file for STMicroelectronics.X-CUBE-TOF1.3.4.2
2024-11-13 10:19:14,529 [WARN] PackLoader:240 - Cannot read IP mode file for Infineon.AIROC-Wi-Fi-Bluetooth-STM32.1.6.1
2024-11-13 10:19:14,534 [WARN] PackLoader:240 - Cannot read IP mode file for wolfSSL.I-CUBE-wolfSSH.1.4.17
2024-11-13 10:19:14,534 [INFO] ThirdParty:978 - Integrity check success = true
2024-11-13 10:19:14,535 [INFO] IntegrityCheckThread:100 - exiting critical section [integrity check]
2024-11-13 10:19:14,535 [INFO] IntegrityCheckThread:103 - End integrity checks thread
2024-11-13 10:19:26,743 [ERROR] LogOutputStream:75 - [STDERR_REDIRECT] 
