2024-10-16 10:26:20,165 [INFO] Activator:176 - 


2024-10-16 10:26:20,167 [INFO] Activator:177 - !SESSION log4j initialized
2024-10-16 10:26:22,753 [INFO] LogOutputStream:77 - [STDOUT_REDIRECT] 
2024-10-16 10:26:24,806 [INFO] ApplicationProperties:184 - Using Application install path: C:\ST\STM32CubeIDE_1.16.1\STM32CubeIDE\plugins\com.st.stm32cube.common.mx_6.12.1.202409122256
2024-10-16 10:26:24,826 [INFO] DbMcusXml:78 - Set database path to: C:\ST\STM32CubeIDE_1.16.1\STM32CubeIDE\plugins\com.st.stm32cube.common.mx_6.12.1.202409122256\\db\/mcu/
2024-10-16 10:26:24,827 [INFO] ApiDb:274 - Set plugin database path to: C:\ST\STM32CubeIDE_1.16.1\STM32CubeIDE\plugins\com.st.stm32cube.common.mx_6.12.1.202409122256\\db\/plugins/boardmanager/
2024-10-16 10:26:24,827 [WARN] ApiDb:259 - Overriding images path with different value:  => C:\ST\STM32CubeIDE_1.16.1\STM32CubeIDE\plugins\com.st.stm32cube.common.mx_6.12.1.202409122256\\db\/plugins/mcufinder/images/
2024-10-16 10:26:24,839 [INFO] ApiDb:250 - Set database path to: C:\Users\diego\.stmcufinder\plugins\mcufinder//mcu/
2024-10-16 10:26:24,840 [INFO] DbMcusAds:125 - Set database path to: C:\Users\diego\.stmcufinder\plugins\mcufinder//mcu/
2024-10-16 10:26:24,842 [INFO] CrossReferenceDbSqlite:203 - Set database path to: C:\Users\diego\.stmcufinder\plugins\mcufinder//mcu/cs/
2024-10-16 10:26:24,943 [INFO] RulesReader:64 - Compatibility file has been processed (297 Rules)
2024-10-16 10:26:25,008 [INFO] DbMcusXml:78 - Set database path to: C:\ST\STM32CubeIDE_1.16.1\STM32CubeIDE\plugins\com.st.stm32cube.common.mx_6.12.1.202409122256\\db\/mcu/
2024-10-16 10:26:25,008 [INFO] ApiDb:274 - Set plugin database path to: C:\ST\STM32CubeIDE_1.16.1\STM32CubeIDE\plugins\com.st.stm32cube.common.mx_6.12.1.202409122256\\db\/plugins/boardmanager/
2024-10-16 10:26:25,008 [INFO] ApiDb:261 - Set plugin images path to: C:\ST\STM32CubeIDE_1.16.1\STM32CubeIDE\plugins\com.st.stm32cube.common.mx_6.12.1.202409122256\\db\/plugins/mcufinder/images/
2024-10-16 10:26:25,008 [WARN] DbFile:41 - Overriding database path with different value: C:\Users\diego\.stmcufinder\plugins\mcufinder/ => C:\Users\diego\.stmcufinder\plugins\mcufinder
2024-10-16 10:26:25,008 [INFO] ApiDb:250 - Set database path to: C:\Users\diego\.stmcufinder\plugins\mcufinder//mcu/
2024-10-16 10:26:25,008 [WARN] DbFile:41 - Overriding database path with different value: C:\Users\diego\.stmcufinder\plugins\mcufinder/ => C:\Users\diego\.stmcufinder\plugins\mcufinder
2024-10-16 10:26:25,008 [INFO] DbMcusAds:125 - Set database path to: C:\Users\diego\.stmcufinder\plugins\mcufinder//mcu/
2024-10-16 10:26:25,009 [WARN] DbFile:41 - Overriding database path with different value: C:\Users\diego\.stmcufinder\plugins\mcufinder/ => C:\Users\diego\.stmcufinder\plugins\mcufinder
2024-10-16 10:26:25,009 [WARN] DbFile:41 - Overriding database path with different value: C:\Users\diego\.stmcufinder\plugins\mcufinder/ => C:\Users\diego\.stmcufinder\plugins\mcufinder
2024-10-16 10:26:25,009 [INFO] CrossReferenceDbSqlite:203 - Set database path to: C:\Users\diego\.stmcufinder\plugins\mcufinder//mcu/cs/
2024-10-16 10:26:25,079 [INFO] MainPanel:268 - HeapMemory: 268435456
2024-10-16 10:26:25,171 [INFO] DbMcusXml:78 - Set database path to: C:\ST\STM32CubeIDE_1.16.1\STM32CubeIDE\plugins\com.st.stm32cube.common.mx_6.12.1.202409122256\\db\/mcu/
2024-10-16 10:26:25,172 [INFO] ApiDb:274 - Set plugin database path to: C:\ST\STM32CubeIDE_1.16.1\STM32CubeIDE\plugins\com.st.stm32cube.common.mx_6.12.1.202409122256\\db\/plugins/boardmanager/
2024-10-16 10:26:25,172 [INFO] ApiDb:261 - Set plugin images path to: C:\ST\STM32CubeIDE_1.16.1\STM32CubeIDE\plugins\com.st.stm32cube.common.mx_6.12.1.202409122256\\db\/plugins/mcufinder/images/
2024-10-16 10:26:25,172 [WARN] DbFile:41 - Overriding database path with different value: C:\Users\diego\.stmcufinder\plugins\mcufinder/ => C:\Users\diego\.stmcufinder\plugins\mcufinder
2024-10-16 10:26:25,172 [INFO] ApiDb:250 - Set database path to: C:\Users\diego\.stmcufinder\plugins\mcufinder//mcu/
2024-10-16 10:26:25,172 [WARN] DbFile:41 - Overriding database path with different value: C:\Users\diego\.stmcufinder\plugins\mcufinder/ => C:\Users\diego\.stmcufinder\plugins\mcufinder
2024-10-16 10:26:25,172 [INFO] DbMcusAds:125 - Set database path to: C:\Users\diego\.stmcufinder\plugins\mcufinder//mcu/
2024-10-16 10:26:25,172 [WARN] DbFile:41 - Overriding database path with different value: C:\Users\diego\.stmcufinder\plugins\mcufinder/ => C:\Users\diego\.stmcufinder\plugins\mcufinder
2024-10-16 10:26:25,172 [WARN] DbFile:41 - Overriding database path with different value: C:\Users\diego\.stmcufinder\plugins\mcufinder/ => C:\Users\diego\.stmcufinder\plugins\mcufinder
2024-10-16 10:26:25,172 [INFO] CrossReferenceDbSqlite:203 - Set database path to: C:\Users\diego\.stmcufinder\plugins\mcufinder//mcu/cs/
2024-10-16 10:26:25,187 [INFO] ApplicationProperties:184 - Using Application install path: C:\ST\STM32CubeIDE_1.16.1\STM32CubeIDE\plugins\com.st.stm32cube.common.mx_6.12.1.202409122256
2024-10-16 10:26:25,187 [INFO] PluginManage:196 - Search for loadable plugins [exclusion list=, ]
2024-10-16 10:26:25,189 [INFO] PluginManage:310 - Check plugin analytics
2024-10-16 10:26:25,337 [INFO] AnalyticsPlugin:253 - Accepted Software Licenses: STM32CubeMX.6.12.1,STM32CubeMX.5.6.1
2024-10-16 10:26:25,337 [INFO] AnalyticsPlugin:255 - Accepted CMSIS Pack Licenses: STMicroelectronics.X-CUBE-TOUCHGFX.4.13.0,STMicroelectronics.X-CUBE-TOUCHGFX.4.24.0
2024-10-16 10:26:25,337 [INFO] AnalyticsPlugin:257 - Accepted Firmware Licenses: FW.F7.1.17.0
2024-10-16 10:26:25,339 [INFO] PluginManage:359 - Loaded plugin analytics (category:tool,tabindex:-1)
2024-10-16 10:26:25,340 [INFO] PluginManage:310 - Check plugin cadmodel
2024-10-16 10:26:25,356 [INFO] CADModel:105 - Init CAD model plugin
2024-10-16 10:26:25,357 [INFO] PluginManage:359 - Loaded plugin cadmodel (category:power,tabindex:5)
2024-10-16 10:26:25,357 [INFO] PluginManage:310 - Check plugin clock
2024-10-16 10:26:25,377 [INFO] PluginManage:359 - Loaded plugin clock (category:base,tabindex:2)
2024-10-16 10:26:25,377 [INFO] PluginManage:310 - Check plugin ddr
2024-10-16 10:26:25,380 [INFO] PluginManage:359 - Loaded plugin ddr (category:tool,tabindex:6)
2024-10-16 10:26:25,380 [INFO] PluginManage:310 - Check plugin filemanager
2024-10-16 10:26:25,511 [INFO] PluginManage:359 - Loaded plugin filemanager (category:base,tabindex:10)
2024-10-16 10:26:25,511 [INFO] PluginManage:310 - Check plugin ipmanager
2024-10-16 10:26:25,516 [INFO] PluginManage:359 - Loaded plugin ipmanager (category:base,tabindex:5)
2024-10-16 10:26:25,517 [INFO] PluginManage:310 - Check plugin lpbam
2024-10-16 10:26:25,532 [INFO] PluginManage:359 - Loaded plugin lpbam (category:base,tabindex:0)
2024-10-16 10:26:25,533 [INFO] PluginManage:310 - Check plugin memorymap
2024-10-16 10:26:25,553 [INFO] PluginManage:359 - Loaded plugin memorymap (category:base,tabindex:4)
2024-10-16 10:26:25,553 [INFO] PluginManage:310 - Check plugin pinoutandconfiguration
2024-10-16 10:26:25,568 [INFO] PluginManage:359 - Loaded plugin pinoutandconfiguration (category:base,tabindex:1)
2024-10-16 10:26:25,568 [INFO] PluginManage:310 - Check plugin pinoutconfig
2024-10-16 10:26:25,684 [WARN] SupportedApi:132 - Cannot load RTOS API schema: s4s-elt-must-match.1: The content of 'definitions' must match (annotation?, (simpleType | complexType)?, (unique | key | keyref)*)). A problem was found starting at: attribute.
2024-10-16 10:26:25,797 [INFO] PluginManage:359 - Loaded plugin pinoutconfig (category:base,tabindex:0)
2024-10-16 10:26:25,797 [INFO] PluginManage:310 - Check plugin power
2024-10-16 10:26:25,814 [INFO] PluginManage:359 - Loaded plugin power (category:power,tabindex:4)
2024-10-16 10:26:25,815 [INFO] PluginManage:310 - Check plugin projectmanager
2024-10-16 10:26:25,827 [INFO] PluginManage:359 - Loaded plugin projectmanager (category:projectmanager,tabindex:4)
2024-10-16 10:26:25,827 [INFO] PluginManage:310 - Check plugin rif
2024-10-16 10:26:25,840 [INFO] PluginManage:359 - Loaded plugin rif (category:base,tabindex:3)
2024-10-16 10:26:25,841 [INFO] PluginManage:310 - Check plugin thirdparty
2024-10-16 10:26:26,085 [INFO] PluginManage:359 - Loaded plugin thirdparty (category:base,tabindex:-1)
2024-10-16 10:26:26,086 [INFO] PluginManage:310 - Check plugin tools
2024-10-16 10:26:26,086 [WARN] IntegrityCheckThread:84 - waiting for thirdparty lock release [integrity check]
2024-10-16 10:26:26,086 [INFO] IntegrityCheckThread:86 - entering critical section [integrity check]
2024-10-16 10:26:26,088 [INFO] ThirdPartyUpdaterWithRetryManager:70 - Updater plugin not ready yet. [1/15]
2024-10-16 10:26:26,116 [INFO] PluginManage:359 - Loaded plugin tools (category:base,tabindex:7)
2024-10-16 10:26:26,116 [INFO] PluginManage:310 - Check plugin tutovideos
2024-10-16 10:26:26,305 [INFO] PluginManage:359 - Loaded plugin tutovideos (category:base,tabindex:-1)
2024-10-16 10:26:26,305 [INFO] PluginManage:310 - Check plugin updater
2024-10-16 10:26:26,321 [INFO] PluginManage:359 - Loaded plugin updater (category:base,tabindex:12)
2024-10-16 10:26:26,321 [INFO] PluginManage:310 - Check plugin userauth
2024-10-16 10:26:26,327 [INFO] UserAuth:113 - Init User Auth plugin
2024-10-16 10:26:26,327 [INFO] PluginManage:359 - Loaded plugin userauth (category:base,tabindex:14)
2024-10-16 10:26:26,328 [INFO] PluginManage:283 - PluginManage : Loaded plugins [18]
2024-10-16 10:26:26,530 [INFO] PinOutPanel:1561 - setPackage(No Configuration,No Configuration)
2024-10-16 10:26:26,621 [INFO] CADModel:165 - CPN selected for project level
2024-10-16 10:26:26,621 [INFO] CADModel:114 - Register for checkConnection events
2024-10-16 10:26:26,646 [INFO] IPUIPlugin:80 - create IPUIPlugin
2024-10-16 10:26:26,646 [INFO] PluginManager:220 - loadIPPluginJar : add adc
2024-10-16 10:26:26,678 [INFO] IPUIPlugin:80 - create IPUIPlugin
2024-10-16 10:26:26,678 [INFO] PluginManager:220 - loadIPPluginJar : add aes
2024-10-16 10:26:26,712 [INFO] IPUIPlugin:80 - create IPUIPlugin
2024-10-16 10:26:26,713 [INFO] PluginManager:220 - loadIPPluginJar : add can
2024-10-16 10:26:26,735 [INFO] IPUIPlugin:80 - create IPUIPlugin
2024-10-16 10:26:26,735 [INFO] PluginManager:220 - loadIPPluginJar : add comp
2024-10-16 10:26:26,765 [INFO] IPUIPlugin:80 - create IPUIPlugin
2024-10-16 10:26:26,766 [INFO] PluginManager:220 - loadIPPluginJar : add cryp
2024-10-16 10:26:26,778 [INFO] IPUIPlugin:80 - create IPUIPlugin
2024-10-16 10:26:26,778 [INFO] PluginManager:220 - loadIPPluginJar : add ddr_ctrl_phy
2024-10-16 10:26:26,808 [INFO] IPUIPlugin:80 - create IPUIPlugin
2024-10-16 10:26:26,808 [INFO] PluginManager:220 - loadIPPluginJar : add dfsdm
2024-10-16 10:26:26,822 [INFO] IPUIPlugin:80 - create IPUIPlugin
2024-10-16 10:26:26,822 [INFO] PluginManager:220 - loadIPPluginJar : add dma
2024-10-16 10:26:26,864 [INFO] IPUIPlugin:80 - create IPUIPlugin
2024-10-16 10:26:26,865 [INFO] PluginManager:220 - loadIPPluginJar : add dma3
2024-10-16 10:26:26,905 [INFO] IPUIPlugin:80 - create IPUIPlugin
2024-10-16 10:26:26,907 [INFO] PluginManager:220 - loadIPPluginJar : add extmemmanager
2024-10-16 10:26:26,926 [INFO] IPUIPlugin:80 - create IPUIPlugin
2024-10-16 10:26:26,927 [INFO] PluginManager:220 - loadIPPluginJar : add fatfs
2024-10-16 10:26:26,972 [INFO] IPUIPlugin:80 - create IPUIPlugin
2024-10-16 10:26:26,972 [INFO] PluginManager:220 - loadIPPluginJar : add fmc
2024-10-16 10:26:26,986 [INFO] IPUIPlugin:80 - create IPUIPlugin
2024-10-16 10:26:26,987 [INFO] PluginManager:220 - loadIPPluginJar : add freertos
2024-10-16 10:26:27,005 [INFO] IPUIPlugin:80 - create IPUIPlugin
2024-10-16 10:26:27,005 [INFO] PluginManager:220 - loadIPPluginJar : add genericplugin
2024-10-16 10:26:27,087 [INFO] IPUIPlugin:80 - create IPUIPlugin
2024-10-16 10:26:27,087 [INFO] PluginManager:220 - loadIPPluginJar : add gfxmmu
2024-10-16 10:26:27,222 [INFO] IPUIPlugin:80 - create IPUIPlugin
2024-10-16 10:26:27,222 [INFO] PluginManager:220 - loadIPPluginJar : add gic
2024-10-16 10:26:27,240 [INFO] IPUIPlugin:80 - create IPUIPlugin
2024-10-16 10:26:27,240 [INFO] PluginManager:220 - loadIPPluginJar : add gpio
2024-10-16 10:26:27,336 [INFO] IPUIPlugin:80 - create IPUIPlugin
2024-10-16 10:26:27,336 [INFO] PluginManager:220 - loadIPPluginJar : add gtzc
2024-10-16 10:26:27,367 [INFO] IPUIPlugin:80 - create IPUIPlugin
2024-10-16 10:26:27,367 [INFO] PluginManager:220 - loadIPPluginJar : add hash
2024-10-16 10:26:27,416 [INFO] IPUIPlugin:80 - create IPUIPlugin
2024-10-16 10:26:27,416 [INFO] PluginManager:220 - loadIPPluginJar : add i2c
2024-10-16 10:26:27,452 [INFO] IPUIPlugin:80 - create IPUIPlugin
2024-10-16 10:26:27,452 [INFO] PluginManager:220 - loadIPPluginJar : add i2s
2024-10-16 10:26:27,489 [INFO] IPUIPlugin:80 - create IPUIPlugin
2024-10-16 10:26:27,489 [INFO] PluginManager:220 - loadIPPluginJar : add i3c
2024-10-16 10:26:27,581 [INFO] IPUIPlugin:80 - create IPUIPlugin
2024-10-16 10:26:27,581 [INFO] PluginManager:220 - loadIPPluginJar : add ipddr
2024-10-16 10:26:27,671 [INFO] IPUIPlugin:80 - create IPUIPlugin
2024-10-16 10:26:27,671 [INFO] PluginManager:220 - loadIPPluginJar : add linkedlist
2024-10-16 10:26:27,700 [INFO] IPUIPlugin:80 - create IPUIPlugin
2024-10-16 10:26:27,700 [INFO] PluginManager:220 - loadIPPluginJar : add lorawan
2024-10-16 10:26:27,732 [INFO] IPUIPlugin:80 - create IPUIPlugin
2024-10-16 10:26:27,732 [INFO] PluginManager:220 - loadIPPluginJar : add ltdc
2024-10-16 10:26:27,744 [INFO] IPUIPlugin:80 - create IPUIPlugin
2024-10-16 10:26:27,744 [INFO] PluginManager:220 - loadIPPluginJar : add mdma
2024-10-16 10:26:27,758 [INFO] IPUIPlugin:80 - create IPUIPlugin
2024-10-16 10:26:27,758 [INFO] PluginManager:220 - loadIPPluginJar : add nvic
2024-10-16 10:26:27,794 [INFO] IPUIPlugin:80 - create IPUIPlugin
2024-10-16 10:26:27,794 [INFO] PluginManager:220 - loadIPPluginJar : add opamp
2024-10-16 10:26:27,857 [INFO] IPUIPlugin:80 - create IPUIPlugin
2024-10-16 10:26:27,857 [INFO] PluginManager:220 - loadIPPluginJar : add openamp
2024-10-16 10:26:27,902 [INFO] IPUIPlugin:80 - create IPUIPlugin
2024-10-16 10:26:27,902 [INFO] PluginManager:220 - loadIPPluginJar : add pdm2pcm
2024-10-16 10:26:27,917 [INFO] IPUIPlugin:80 - create IPUIPlugin
2024-10-16 10:26:27,918 [INFO] PluginManager:220 - loadIPPluginJar : add plateformsettings
2024-10-16 10:26:27,940 [INFO] IPUIPlugin:80 - create IPUIPlugin
2024-10-16 10:26:27,940 [INFO] PluginManager:220 - loadIPPluginJar : add quadspi
2024-10-16 10:26:27,966 [INFO] IPUIPlugin:80 - create IPUIPlugin
2024-10-16 10:26:27,967 [INFO] PluginManager:220 - loadIPPluginJar : add radio
2024-10-16 10:26:27,978 [INFO] IPUIPlugin:80 - create IPUIPlugin
2024-10-16 10:26:27,978 [INFO] PluginManager:220 - loadIPPluginJar : add resmgrutility
2024-10-16 10:26:28,022 [INFO] IPUIPlugin:80 - create IPUIPlugin
2024-10-16 10:26:28,022 [INFO] PluginManager:220 - loadIPPluginJar : add sai
2024-10-16 10:26:28,058 [INFO] IPUIPlugin:80 - create IPUIPlugin
2024-10-16 10:26:28,058 [INFO] PluginManager:220 - loadIPPluginJar : add spi
2024-10-16 10:26:28,128 [INFO] IPUIPlugin:80 - create IPUIPlugin
2024-10-16 10:26:28,128 [INFO] PluginManager:220 - loadIPPluginJar : add stm32_wpan
2024-10-16 10:26:28,149 [INFO] IPUIPlugin:80 - create IPUIPlugin
2024-10-16 10:26:28,149 [INFO] PluginManager:220 - loadIPPluginJar : add tim
2024-10-16 10:26:28,206 [INFO] IPUIPlugin:80 - create IPUIPlugin
2024-10-16 10:26:28,208 [INFO] PluginManager:220 - loadIPPluginJar : add touchsensing
2024-10-16 10:26:28,232 [INFO] IPUIPlugin:80 - create IPUIPlugin
2024-10-16 10:26:28,232 [INFO] PluginManager:220 - loadIPPluginJar : add tracer_emb
2024-10-16 10:26:28,256 [INFO] IPUIPlugin:80 - create IPUIPlugin
2024-10-16 10:26:28,256 [INFO] PluginManager:220 - loadIPPluginJar : add ts
2024-10-16 10:26:28,282 [INFO] IPUIPlugin:80 - create IPUIPlugin
2024-10-16 10:26:28,282 [INFO] PluginManager:220 - loadIPPluginJar : add tsc
2024-10-16 10:26:28,309 [INFO] IPUIPlugin:80 - create IPUIPlugin
2024-10-16 10:26:28,309 [INFO] PluginManager:220 - loadIPPluginJar : add ucpd
2024-10-16 10:26:28,362 [INFO] IPUIPlugin:80 - create IPUIPlugin
2024-10-16 10:26:28,363 [INFO] PluginManager:220 - loadIPPluginJar : add usart
2024-10-16 10:26:28,430 [INFO] IPUIPlugin:80 - create IPUIPlugin
2024-10-16 10:26:28,431 [INFO] PluginManager:220 - loadIPPluginJar : add usbx
2024-10-16 10:26:28,554 [INFO] CADModel:165 - CPN selected for project level
2024-10-16 10:26:28,554 [INFO] CADModel:114 - Register for checkConnection events
2024-10-16 10:26:28,555 [FATAL] Updater:334 - Updater called before beeing initialized
2024-10-16 10:26:28,555 [ERROR] CADModel:125 - Updater not yet initialized, retry later 
2024-10-16 10:26:28,673 [INFO] CADModel:165 - CPN selected for project level
2024-10-16 10:26:28,673 [INFO] CADModel:114 - Register for checkConnection events
2024-10-16 10:26:28,673 [FATAL] Updater:334 - Updater called before beeing initialized
2024-10-16 10:26:28,673 [ERROR] CADModel:125 - Updater not yet initialized, retry later 
2024-10-16 10:26:28,676 [FATAL] Updater:334 - Updater called before beeing initialized
2024-10-16 10:26:28,748 [FATAL] Updater:334 - Updater called before beeing initialized
2024-10-16 10:26:28,758 [INFO] DbMcusAds:53 - JSON generation date=Fri Sep 20 15:04:23 CEST 2024 (1726837463098)
2024-10-16 10:26:28,758 [FATAL] Updater:334 - Updater called before beeing initialized
2024-10-16 10:26:28,792 [WARN] DetailPanel:346 - Failed to get advertising image, set to default
2024-10-16 10:26:28,862 [FATAL] Updater:334 - Updater called before beeing initialized
2024-10-16 10:26:28,863 [FATAL] Updater:334 - Updater called before beeing initialized
2024-10-16 10:26:28,863 [FATAL] Updater:334 - Updater called before beeing initialized
2024-10-16 10:26:28,863 [WARN] DetailPanel:346 - Failed to get advertising image, set to default
2024-10-16 10:26:28,864 [FATAL] Updater:334 - Updater called before beeing initialized
2024-10-16 10:26:28,915 [ERROR] Updater:1164 - MainUpdater not yet initialized. External WinMGr cannot be set.
2024-10-16 10:26:28,925 [INFO] Updater:1100 - Updater Version found : 6.12.1
2024-10-16 10:26:28,944 [INFO] ApplicationProperties:184 - Using Application install path: C:\ST\STM32CubeIDE_1.16.1\STM32CubeIDE\plugins\com.st.stm32cube.common.mx_6.12.1.202409122256
2024-10-16 10:26:29,091 [INFO] ThirdPartyUpdaterWithRetryManager:70 - Updater plugin not ready yet. [2/15]
2024-10-16 10:26:29,331 [INFO] MainUpdater:2873 - connection check result : 10
2024-10-16 10:26:29,332 [INFO] MainUpdater:3567 - Updater definition file requires update
2024-10-16 10:26:29,332 [INFO] MainUpdater:290 - Updater Check For Update Now.
2024-10-16 10:26:29,332 [INFO] MicroXplorer:498 - Change Database Version : DB.6.0.121
2024-10-16 10:26:29,347 [INFO] McuFinderGlobals:63 - Set McuFinder mode to 2 (CubeIDE integrated)
2024-10-16 10:26:29,352 [INFO] UserAuth:417 - Internet connection configuration mode: 1
2024-10-16 10:26:29,377 [INFO] JxBrowserEngine:152 - Initiate JxBrowser Engine with user profile folder
2024-10-16 10:26:29,481 [INFO] ServerAccessManage:473 - Download File updaters.zip
2024-10-16 10:26:29,623 [INFO] FileExtend:240 - Unzip File : updaters.zip
2024-10-16 10:26:29,623 [INFO] FileExtend:255 - Standard Zip Deflate
2024-10-16 10:26:29,980 [INFO] ServerAccessManage:473 - Download File PacksControlFlags.xml
2024-10-16 10:26:30,104 [INFO] ServerAccessManage:473 - Download File cubemx.pidx
2024-10-16 10:26:30,249 [INFO] LoadServerUpdatesThread:375 - End of LoadServerUpdate Thread
2024-10-16 10:26:30,536 [INFO] CheckServerUpdateThread:120 - End of CheckServer Thread
2024-10-16 10:26:32,323 [WARN] PackLoader:240 - Cannot read IP mode file for STMicroelectronics.FP-SNS-MOTENVWB1.1.4.0
2024-10-16 10:26:32,341 [WARN] PackLoader:240 - Cannot read IP mode file for STMicroelectronics.X-CUBE-SMBUS.2.1.0
2024-10-16 10:26:32,369 [WARN] PackLoader:240 - Cannot read IP mode file for STMicroelectronics.X-CUBE-WB05N.1.1.0
2024-10-16 10:26:32,412 [WARN] PackLoader:240 - Cannot read IP mode file for STMicroelectronics.X-CUBE-AZRTOS-F7.1.1.0
2024-10-16 10:26:32,507 [WARN] PackLoader:240 - Cannot read IP mode file for STMicroelectronics.X-CUBE-MEMS1.11.0.0
2024-10-16 10:26:32,695 [WARN] PackLoader:240 - Cannot read IP mode file for STMicroelectronics.FP-SNS-FLIGHT1.5.0.2
2024-10-16 10:26:32,714 [WARN] PackLoader:240 - Cannot read IP mode file for STMicroelectronics.X-CUBE-DISPLAY.3.0.0
2024-10-16 10:26:32,734 [WARN] PackLoader:240 - Cannot read IP mode file for STMicroelectronics.X-CUBE-BLE1.7.0.0
2024-10-16 10:26:32,751 [WARN] PackLoader:240 - Cannot read IP mode file for emotas.I-CUBE-CANOPEN.1.3.0
2024-10-16 10:26:32,776 [WARN] PackLoader:240 - Cannot read IP mode file for STMicroelectronics.X-CUBE-BLEMGR.3.1.0
2024-10-16 10:26:32,795 [WARN] PackLoader:240 - Cannot read IP mode file for STMicroelectronics.FP-SNS-SMARTAG2.1.2.0
2024-10-16 10:26:32,823 [INFO] LogOutputStream:77 - [STDOUT_REDIRECT] 1 : Invalid condition id : UX_CORESTACK_Condition cause : null
2024-10-16 10:26:32,824 [INFO] LogOutputStream:77 - [STDOUT_REDIRECT] 1 : Invalid condition id : UX_CORESTACK_Condition cause : null
2024-10-16 10:26:32,825 [INFO] LogOutputStream:77 - [STDOUT_REDIRECT] 1 : Invalid condition id : UX_CORESTACK_Condition cause : null
2024-10-16 10:26:32,826 [INFO] LogOutputStream:77 - [STDOUT_REDIRECT] 1 : Invalid condition id : UX_CORESTACK_Condition cause : null
2024-10-16 10:26:32,828 [INFO] LogOutputStream:77 - [STDOUT_REDIRECT] 1 : Invalid condition id : UX_CORESTACK_Condition cause : null
2024-10-16 10:26:32,832 [WARN] PackLoader:240 - Cannot read IP mode file for STMicroelectronics.X-CUBE-AZRTOS-WL.2.0.0
2024-10-16 10:26:32,848 [WARN] PackLoader:240 - Cannot read IP mode file for STMicroelectronics.FP-SNS-MOTENV1.5.0.0
2024-10-16 10:26:32,863 [WARN] PackLoader:240 - Cannot read IP mode file for wolfSSL.I-CUBE-wolfMQTT.1.19.0
2024-10-16 10:26:32,880 [WARN] PackLoader:240 - Cannot read IP mode file for WES.I-CUBE-Cesium.1.3.0
2024-10-16 10:26:32,897 [WARN] PackLoader:240 - Cannot read IP mode file for STMicroelectronics.X-CUBE-BLE2.3.3.0
2024-10-16 10:26:32,915 [WARN] PackLoader:240 - Cannot read IP mode file for STMicroelectronics.X-CUBE-TCPP.4.1.0
2024-10-16 10:26:32,953 [WARN] PackLoader:240 - Cannot read IP mode file for STMicroelectronics.X-CUBE-AZRTOS-G0.1.1.0
2024-10-16 10:26:32,980 [WARN] PackLoader:240 - Cannot read IP mode file for STMicroelectronics.X-CUBE-SAFEA1.1.2.2
2024-10-16 10:26:33,004 [WARN] PackLoader:240 - Cannot read IP mode file for STMicroelectronics.X-CUBE-NFC4.3.0.0
2024-10-16 10:26:33,030 [WARN] PackLoader:240 - Cannot read IP mode file for EmbeddedOffice.I-CUBE-FS-RTOS.1.0.1
2024-10-16 10:26:33,031 [ERROR] ConditionMgr:805 - Attr not supported : Dmpu
2024-10-16 10:26:33,031 [ERROR] ConditionMgr:805 - Attr not supported : Dmpu
2024-10-16 10:26:33,031 [ERROR] ConditionMgr:805 - Attr not supported : Dmpu
2024-10-16 10:26:33,031 [ERROR] ConditionMgr:805 - Attr not supported : Dmpu
2024-10-16 10:26:33,031 [ERROR] ConditionMgr:805 - Attr not supported : Dmpu
2024-10-16 10:26:33,031 [ERROR] ConditionMgr:805 - Attr not supported : Dmpu
2024-10-16 10:26:33,031 [ERROR] ConditionMgr:805 - Attr not supported : Dmpu
2024-10-16 10:26:33,031 [ERROR] ConditionMgr:805 - Attr not supported : Dmpu
2024-10-16 10:26:33,031 [ERROR] ConditionMgr:805 - Attr not supported : Dmpu
2024-10-16 10:26:33,031 [ERROR] ConditionMgr:805 - Attr not supported : Dmpu
2024-10-16 10:26:33,031 [ERROR] ConditionMgr:805 - Attr not supported : Dmpu
2024-10-16 10:26:33,031 [ERROR] ConditionMgr:805 - Attr not supported : Dmpu
2024-10-16 10:26:33,031 [ERROR] ConditionMgr:805 - Attr not supported : Dmpu
2024-10-16 10:26:33,032 [ERROR] ConditionMgr:805 - Attr not supported : Dmpu
2024-10-16 10:26:33,032 [ERROR] ConditionMgr:805 - Attr not supported : Dmpu
2024-10-16 10:26:33,032 [ERROR] ConditionMgr:805 - Attr not supported : Dmpu
2024-10-16 10:26:33,032 [ERROR] ConditionMgr:805 - Attr not supported : Dmpu
2024-10-16 10:26:33,032 [ERROR] ConditionMgr:805 - Attr not supported : Dmpu
2024-10-16 10:26:33,032 [ERROR] ConditionMgr:805 - Attr not supported : Dmpu
2024-10-16 10:26:33,032 [ERROR] ConditionMgr:805 - Attr not supported : Dmpu
2024-10-16 10:26:33,032 [ERROR] ConditionMgr:805 - Attr not supported : Dmpu
2024-10-16 10:26:33,032 [ERROR] ConditionMgr:805 - Attr not supported : Dmpu
2024-10-16 10:26:33,033 [ERROR] ConditionMgr:805 - Attr not supported : Dmpu
2024-10-16 10:26:33,033 [ERROR] ConditionMgr:805 - Attr not supported : Dmpu
2024-10-16 10:26:33,033 [ERROR] ConditionMgr:805 - Attr not supported : Dmpu
2024-10-16 10:26:33,033 [ERROR] ConditionMgr:805 - Attr not supported : Dmpu
2024-10-16 10:26:33,033 [ERROR] ConditionMgr:805 - Attr not supported : Dmpu
2024-10-16 10:26:33,033 [ERROR] ConditionMgr:805 - Attr not supported : Dmpu
2024-10-16 10:26:33,033 [ERROR] ConditionMgr:805 - Attr not supported : Dmpu
2024-10-16 10:26:33,033 [ERROR] ConditionMgr:805 - Attr not supported : Dmpu
2024-10-16 10:26:33,033 [ERROR] ConditionMgr:805 - Attr not supported : Dmpu
2024-10-16 10:26:33,033 [ERROR] ConditionMgr:805 - Attr not supported : Dmpu
2024-10-16 10:26:33,033 [ERROR] ConditionMgr:805 - Attr not supported : Dmpu
2024-10-16 10:26:33,033 [ERROR] ConditionMgr:805 - Attr not supported : Dmpu
2024-10-16 10:26:33,033 [ERROR] ConditionMgr:805 - Attr not supported : Dmpu
2024-10-16 10:26:33,033 [ERROR] ConditionMgr:805 - Attr not supported : Dmpu
2024-10-16 10:26:33,033 [ERROR] ConditionMgr:805 - Attr not supported : Dmpu
2024-10-16 10:26:33,033 [ERROR] ConditionMgr:805 - Attr not supported : Dmpu
2024-10-16 10:26:33,033 [ERROR] ConditionMgr:805 - Attr not supported : Dmpu
2024-10-16 10:26:33,033 [ERROR] ConditionMgr:805 - Attr not supported : Dmpu
2024-10-16 10:26:33,034 [ERROR] ConditionMgr:805 - Attr not supported : Dmpu
2024-10-16 10:26:33,034 [ERROR] ConditionMgr:805 - Attr not supported : Dmpu
2024-10-16 10:26:33,034 [ERROR] ConditionMgr:805 - Attr not supported : Dmpu
2024-10-16 10:26:33,034 [ERROR] ConditionMgr:805 - Attr not supported : Dmpu
2024-10-16 10:26:33,034 [ERROR] ConditionMgr:805 - Attr not supported : Dmpu
2024-10-16 10:26:33,034 [ERROR] ConditionMgr:805 - Attr not supported : Dmpu
2024-10-16 10:26:33,034 [ERROR] ConditionMgr:805 - Attr not supported : Dmpu
2024-10-16 10:26:33,034 [ERROR] ConditionMgr:805 - Attr not supported : Dmpu
2024-10-16 10:26:33,034 [ERROR] ConditionMgr:805 - Attr not supported : Dmpu
2024-10-16 10:26:33,034 [ERROR] ConditionMgr:805 - Attr not supported : Dmpu
2024-10-16 10:26:33,035 [ERROR] ConditionMgr:805 - Attr not supported : Dmpu
2024-10-16 10:26:33,035 [ERROR] ConditionMgr:805 - Attr not supported : Dmpu
2024-10-16 10:26:33,035 [ERROR] ConditionMgr:805 - Attr not supported : Dmpu
2024-10-16 10:26:33,035 [ERROR] ConditionMgr:805 - Attr not supported : Dmpu
2024-10-16 10:26:33,035 [ERROR] ConditionMgr:805 - Attr not supported : Dmpu
2024-10-16 10:26:33,035 [ERROR] ConditionMgr:805 - Attr not supported : Dmpu
2024-10-16 10:26:33,035 [ERROR] ConditionMgr:805 - Attr not supported : Dmpu
2024-10-16 10:26:33,036 [ERROR] ConditionMgr:805 - Attr not supported : Dmpu
2024-10-16 10:26:33,036 [ERROR] ConditionMgr:805 - Attr not supported : Dmpu
2024-10-16 10:26:33,036 [ERROR] ConditionMgr:805 - Attr not supported : Dmpu
2024-10-16 10:26:33,036 [ERROR] ConditionMgr:805 - Attr not supported : Dmpu
2024-10-16 10:26:33,036 [ERROR] ConditionMgr:805 - Attr not supported : Dmpu
2024-10-16 10:26:33,036 [ERROR] ConditionMgr:805 - Attr not supported : Dmpu
2024-10-16 10:26:33,036 [ERROR] ConditionMgr:805 - Attr not supported : Dmpu
2024-10-16 10:26:33,055 [WARN] PackLoader:240 - Cannot read IP mode file for RealThread.X-CUBE-RT-Thread_Nano.4.1.1
2024-10-16 10:26:33,072 [WARN] PackLoader:240 - Cannot read IP mode file for STMicroelectronics.FP-ATR-SIGFOX1.3.2.0
2024-10-16 10:26:33,089 [WARN] PackLoader:240 - Cannot read IP mode file for wolfSSL.I-CUBE-wolfSSL.5.7.2
2024-10-16 10:26:33,111 [WARN] PackLoader:240 - Cannot read IP mode file for STMicroelectronics.X-CUBE-EEPRMA1.5.1.0
2024-10-16 10:26:33,135 [WARN] PackLoader:240 - Cannot read IP mode file for ITTIA_DB.I-CUBE-ITTIADB.8.9.0
2024-10-16 10:26:33,188 [WARN] PackLoader:240 - Cannot read IP mode file for SEGGER.I-CUBE-embOS.1.3.1
2024-10-16 10:26:33,245 [WARN] PackLoader:240 - Cannot read IP mode file for STMicroelectronics.X-CUBE-ALGOBUILD.1.4.0
2024-10-16 10:26:33,266 [WARN] PackLoader:240 - Cannot read IP mode file for STMicroelectronics.X-CUBE-AI.9.1.0
2024-10-16 10:26:33,303 [WARN] PackLoader:240 - Cannot read IP mode file for STMicroelectronics.X-CUBE-AZRTOS-F4.1.1.0
2024-10-16 10:26:33,326 [WARN] PackLoader:240 - Cannot read IP mode file for STMicroelectronics.X-CUBE-ISPU.2.1.0
2024-10-16 10:26:33,345 [WARN] PackLoader:240 - Cannot read IP mode file for STMicroelectronics.X-CUBE-FREERTOS.1.2.0
2024-10-16 10:26:33,383 [WARN] PackLoader:240 - Cannot read IP mode file for STMicroelectronics.X-CUBE-AZRTOS-L5.2.0.0
2024-10-16 10:26:33,409 [WARN] PackLoader:240 - Cannot read IP mode file for STMicroelectronics.X-CUBE-NFC6.3.1.0
2024-10-16 10:26:33,431 [WARN] PackLoader:240 - Cannot read IP mode file for STMicroelectronics.X-CUBE-DPower.1.2.0
2024-10-16 10:26:33,449 [WARN] PackLoader:240 - Cannot read IP mode file for STMicroelectronics.X-CUBE-AI.9.0.0
2024-10-16 10:26:33,467 [WARN] PackLoader:240 - Cannot read IP mode file for STMicroelectronics.X-CUBE-NFC7.1.0.1
2024-10-16 10:26:33,508 [WARN] ConditionMgr:438 - getConditionDescription Invalid condition id : LAN8742 Phy interface Condition cause : null
2024-10-16 10:26:33,509 [WARN] PackLoader:240 - Cannot read IP mode file for STMicroelectronics.X-CUBE-AZRTOS-L4.2.0.0
2024-10-16 10:26:33,510 [WARN] ConditionMgr:1039 - genDependencies : Invalid condition id : LAN8742 Phy interface Condition cause : null
2024-10-16 10:26:33,511 [WARN] ConditionMgr:1039 - genDependencies : Invalid condition id : LAN8742 Phy interface Condition cause : null
2024-10-16 10:26:33,511 [WARN] ConditionMgr:1039 - genDependencies : Invalid condition id : LAN8742 Phy interface Condition cause : null
2024-10-16 10:26:33,532 [WARN] PackLoader:240 - Cannot read IP mode file for STMicroelectronics.X-CUBE-SFXS2LP1.4.0.0
2024-10-16 10:26:33,568 [WARN] PackLoader:240 - Cannot read IP mode file for STMicroelectronics.X-CUBE-AZRTOS-H7.3.3.0
2024-10-16 10:26:33,590 [WARN] PackLoader:240 - Cannot read IP mode file for STMicroelectronics.X-CUBE-IPS.3.0.0
2024-10-16 10:26:33,625 [WARN] ConditionMgr:438 - getConditionDescription Invalid condition id : UX DEVICE CLASS RTOS Condition cause : null
2024-10-16 10:26:33,625 [WARN] ConditionMgr:438 - getConditionDescription Invalid condition id : UX DEVICE CLASS RTOS Condition cause : null
2024-10-16 10:26:33,626 [WARN] PackLoader:240 - Cannot read IP mode file for STMicroelectronics.X-CUBE-AZRTOS-WB.2.0.0
2024-10-16 10:26:33,627 [WARN] ConditionMgr:1039 - genDependencies : Invalid condition id : UX DEVICE CLASS RTOS Condition cause : null
2024-10-16 10:26:33,627 [WARN] ConditionMgr:1039 - genDependencies : Invalid condition id : UX DEVICE CLASS RTOS Condition cause : null
2024-10-16 10:26:33,627 [WARN] ConditionMgr:1039 - genDependencies : Invalid condition id : UX DEVICE CLASS RTOS Condition cause : null
2024-10-16 10:26:33,627 [WARN] ConditionMgr:1039 - genDependencies : Invalid condition id : UX DEVICE CLASS RTOS Condition cause : null
2024-10-16 10:26:33,627 [WARN] ConditionMgr:1039 - genDependencies : Invalid condition id : UX DEVICE CLASS RTOS Condition cause : null
2024-10-16 10:26:33,646 [WARN] PackLoader:240 - Cannot read IP mode file for STMicroelectronics.X-CUBE-GNSS1.7.0.0
2024-10-16 10:26:33,661 [WARN] PackLoader:240 - Cannot read IP mode file for STMicroelectronics.FP-SNS-STBOX1.2.0.0
2024-10-16 10:26:33,692 [WARN] PackLoader:240 - Cannot read IP mode file for STMicroelectronics.X-CUBE-SUBG2.5.0.0
2024-10-16 10:26:33,712 [WARN] PackLoader:240 - Cannot read IP mode file for STMicroelectronics.X-CUBE-TOUCHGFX.4.13.0
2024-10-16 10:26:33,828 [WARN] PackLoader:240 - Cannot read IP mode file for Cesanta.I-CUBE-Mongoose.7.13.0
2024-10-16 10:26:33,864 [WARN] PackLoader:240 - Cannot read IP mode file for STMicroelectronics.X-CUBE-AZRTOS-G4.2.0.0
2024-10-16 10:26:33,884 [WARN] PackLoader:240 - Cannot read IP mode file for STMicroelectronics.X-CUBE-ALS.1.0.2
2024-10-16 10:26:33,906 [WARN] PackLoader:240 - Cannot read IP mode file for STMicroelectronics.X-CUBE-TOUCHGFX.4.24.0
2024-10-16 10:26:33,996 [WARN] PackLoader:240 - Cannot read IP mode file for STMicroelectronics.X-CUBE-TOUCHGFX.4.24.1
2024-10-16 10:26:34,010 [WARN] PackLoader:240 - Cannot read IP mode file for wolfSSL.I-CUBE-wolfTPM.3.4.0
2024-10-16 10:26:34,028 [WARN] PackLoader:240 - Cannot read IP mode file for portGmbH.I-Cube-SoM-uGOAL.1.1.0
2024-10-16 10:26:34,066 [WARN] PackLoader:240 - Cannot read IP mode file for STMicroelectronics.X-CUBE-AZRTOS-H7RS.1.0.0
2024-10-16 10:26:34,087 [WARN] PackLoader:240 - Cannot read IP mode file for STMicroelectronics.FP-ATR-ASTRA1.2.0.0
2024-10-16 10:26:34,113 [WARN] PackLoader:240 - Cannot read IP mode file for STMicroelectronics.X-CUBE-TOF1.3.4.2
2024-10-16 10:26:34,159 [WARN] PackLoader:240 - Cannot read IP mode file for Infineon.AIROC-Wi-Fi-Bluetooth-STM32.1.6.1
2024-10-16 10:26:34,179 [WARN] PackLoader:240 - Cannot read IP mode file for wolfSSL.I-CUBE-wolfSSH.1.4.17
2024-10-16 10:26:34,180 [INFO] ThirdParty:978 - Integrity check success = true
2024-10-16 10:26:34,180 [INFO] IntegrityCheckThread:100 - exiting critical section [integrity check]
2024-10-16 10:26:34,180 [INFO] IntegrityCheckThread:103 - End integrity checks thread
2024-10-16 10:26:36,060 [INFO] WebApp:167 - Instantiating new browser for Auth
2024-10-16 10:26:36,751 [INFO] WebApp:448 - Apply proxy settings
2024-10-16 10:26:36,751 [INFO] WebApp:533 - Chromium requires no authentication
2024-10-16 10:26:36,761 [INFO] WebApp:476 - Direct internet connection detected
2024-10-16 10:26:36,784 [INFO] WebApp:869 - Register for checkConnection events
2024-10-16 10:26:36,784 [INFO] WebApp:448 - Apply proxy settings
2024-10-16 10:26:36,785 [INFO] WebApp:533 - Chromium requires no authentication
2024-10-16 10:26:36,785 [INFO] WebApp:476 - Direct internet connection detected
2024-10-16 10:26:36,939 [INFO] WebApp:220 - Starting web application
2024-10-16 10:26:36,939 [INFO] WebApp:578 - Web application path used C:\ST\STM32CubeIDE_1.16.1\STM32CubeIDE\plugins\com.st.stm32cube.common.mx_6.12.1.202409122256\db\plugins\mcufinder\reactClient1\index.html
2024-10-16 10:26:37,081 [INFO] WebApp:186 - Connection restablished
2024-10-16 10:26:37,136 [INFO] UserAuth:417 - Internet connection configuration mode: 1
2024-10-16 12:48:34,341 [INFO] WebApp:189 - Connection lost
2024-10-16 12:48:44,354 [INFO] WebApp:186 - Connection restablished
2024-10-16 12:48:47,288 [INFO] WebApp:189 - Connection lost
2024-10-16 12:48:47,466 [INFO] WebApp:186 - Connection restablished
2024-10-16 12:48:50,671 [INFO] WebApp:189 - Connection lost
2024-10-16 12:48:54,351 [INFO] WebApp:186 - Connection restablished
2024-10-16 12:48:54,723 [INFO] WebApp:189 - Connection lost
2024-10-16 12:48:54,931 [INFO] WebApp:186 - Connection restablished
2024-10-16 13:43:39,285 [INFO] WebApp:189 - Connection lost
2024-10-16 13:43:47,764 [ERROR] ConfigurationRetriever:142 - IOException on connection: sw-center.st.com
2024-10-16 13:43:47,765 [ERROR] ConfigurationRetriever:142 - IOException on connection: sw-center.st.com
2024-10-16 13:43:47,766 [ERROR] ConfigurationRetriever:142 - IOException on connection: sw-center.st.com
2024-10-16 13:43:49,123 [ERROR] LogOutputStream:75 - [STDERR_REDIRECT] 
