2024-11-20 12:22:31,149 [INFO] Activator:176 - 


2024-11-20 12:22:31,156 [INFO] Activator:177 - !SESSION log4j initialized
2024-11-20 12:22:36,159 [INFO] LogOutputStream:77 - [STDOUT_REDIRECT] 
2024-11-20 12:22:38,258 [INFO] ApplicationProperties:184 - Using Application install path: C:\ST\STM32CubeIDE_1.16.1\STM32CubeIDE\plugins\com.st.stm32cube.common.mx_6.12.1.202409122256
2024-11-20 12:22:38,276 [INFO] DbMcusXml:78 - Set database path to: C:\ST\STM32CubeIDE_1.16.1\STM32CubeIDE\plugins\com.st.stm32cube.common.mx_6.12.1.202409122256\\db\/mcu/
2024-11-20 12:22:38,276 [INFO] ApiDb:274 - Set plugin database path to: C:\ST\STM32CubeIDE_1.16.1\STM32CubeIDE\plugins\com.st.stm32cube.common.mx_6.12.1.202409122256\\db\/plugins/boardmanager/
2024-11-20 12:22:38,276 [WARN] ApiDb:259 - Overriding images path with different value:  => C:\ST\STM32CubeIDE_1.16.1\STM32CubeIDE\plugins\com.st.stm32cube.common.mx_6.12.1.202409122256\\db\/plugins/mcufinder/images/
2024-11-20 12:22:38,290 [INFO] ApiDb:250 - Set database path to: C:\Users\diego\.stmcufinder\plugins\mcufinder//mcu/
2024-11-20 12:22:38,291 [INFO] DbMcusAds:125 - Set database path to: C:\Users\diego\.stmcufinder\plugins\mcufinder//mcu/
2024-11-20 12:22:38,296 [INFO] CrossReferenceDbSqlite:203 - Set database path to: C:\Users\diego\.stmcufinder\plugins\mcufinder//mcu/cs/
2024-11-20 12:22:38,390 [INFO] RulesReader:64 - Compatibility file has been processed (297 Rules)
2024-11-20 12:22:38,454 [INFO] DbMcusXml:78 - Set database path to: C:\ST\STM32CubeIDE_1.16.1\STM32CubeIDE\plugins\com.st.stm32cube.common.mx_6.12.1.202409122256\\db\/mcu/
2024-11-20 12:22:38,455 [INFO] ApiDb:274 - Set plugin database path to: C:\ST\STM32CubeIDE_1.16.1\STM32CubeIDE\plugins\com.st.stm32cube.common.mx_6.12.1.202409122256\\db\/plugins/boardmanager/
2024-11-20 12:22:38,455 [INFO] ApiDb:261 - Set plugin images path to: C:\ST\STM32CubeIDE_1.16.1\STM32CubeIDE\plugins\com.st.stm32cube.common.mx_6.12.1.202409122256\\db\/plugins/mcufinder/images/
2024-11-20 12:22:38,455 [WARN] DbFile:41 - Overriding database path with different value: C:\Users\diego\.stmcufinder\plugins\mcufinder/ => C:\Users\diego\.stmcufinder\plugins\mcufinder
2024-11-20 12:22:38,455 [INFO] ApiDb:250 - Set database path to: C:\Users\diego\.stmcufinder\plugins\mcufinder//mcu/
2024-11-20 12:22:38,455 [WARN] DbFile:41 - Overriding database path with different value: C:\Users\diego\.stmcufinder\plugins\mcufinder/ => C:\Users\diego\.stmcufinder\plugins\mcufinder
2024-11-20 12:22:38,455 [INFO] DbMcusAds:125 - Set database path to: C:\Users\diego\.stmcufinder\plugins\mcufinder//mcu/
2024-11-20 12:22:38,455 [WARN] DbFile:41 - Overriding database path with different value: C:\Users\diego\.stmcufinder\plugins\mcufinder/ => C:\Users\diego\.stmcufinder\plugins\mcufinder
2024-11-20 12:22:38,455 [WARN] DbFile:41 - Overriding database path with different value: C:\Users\diego\.stmcufinder\plugins\mcufinder/ => C:\Users\diego\.stmcufinder\plugins\mcufinder
2024-11-20 12:22:38,455 [INFO] CrossReferenceDbSqlite:203 - Set database path to: C:\Users\diego\.stmcufinder\plugins\mcufinder//mcu/cs/
2024-11-20 12:22:38,523 [INFO] MainPanel:268 - HeapMemory: 268435456
2024-11-20 12:22:38,619 [INFO] DbMcusXml:78 - Set database path to: C:\ST\STM32CubeIDE_1.16.1\STM32CubeIDE\plugins\com.st.stm32cube.common.mx_6.12.1.202409122256\\db\/mcu/
2024-11-20 12:22:38,619 [INFO] ApiDb:274 - Set plugin database path to: C:\ST\STM32CubeIDE_1.16.1\STM32CubeIDE\plugins\com.st.stm32cube.common.mx_6.12.1.202409122256\\db\/plugins/boardmanager/
2024-11-20 12:22:38,619 [INFO] ApiDb:261 - Set plugin images path to: C:\ST\STM32CubeIDE_1.16.1\STM32CubeIDE\plugins\com.st.stm32cube.common.mx_6.12.1.202409122256\\db\/plugins/mcufinder/images/
2024-11-20 12:22:38,620 [WARN] DbFile:41 - Overriding database path with different value: C:\Users\diego\.stmcufinder\plugins\mcufinder/ => C:\Users\diego\.stmcufinder\plugins\mcufinder
2024-11-20 12:22:38,620 [INFO] ApiDb:250 - Set database path to: C:\Users\diego\.stmcufinder\plugins\mcufinder//mcu/
2024-11-20 12:22:38,620 [WARN] DbFile:41 - Overriding database path with different value: C:\Users\diego\.stmcufinder\plugins\mcufinder/ => C:\Users\diego\.stmcufinder\plugins\mcufinder
2024-11-20 12:22:38,620 [INFO] DbMcusAds:125 - Set database path to: C:\Users\diego\.stmcufinder\plugins\mcufinder//mcu/
2024-11-20 12:22:38,620 [WARN] DbFile:41 - Overriding database path with different value: C:\Users\diego\.stmcufinder\plugins\mcufinder/ => C:\Users\diego\.stmcufinder\plugins\mcufinder
2024-11-20 12:22:38,620 [WARN] DbFile:41 - Overriding database path with different value: C:\Users\diego\.stmcufinder\plugins\mcufinder/ => C:\Users\diego\.stmcufinder\plugins\mcufinder
2024-11-20 12:22:38,620 [INFO] CrossReferenceDbSqlite:203 - Set database path to: C:\Users\diego\.stmcufinder\plugins\mcufinder//mcu/cs/
2024-11-20 12:22:38,638 [INFO] ApplicationProperties:184 - Using Application install path: C:\ST\STM32CubeIDE_1.16.1\STM32CubeIDE\plugins\com.st.stm32cube.common.mx_6.12.1.202409122256
2024-11-20 12:22:38,639 [INFO] PluginManage:196 - Search for loadable plugins [exclusion list=, ]
2024-11-20 12:22:38,640 [INFO] PluginManage:310 - Check plugin analytics
2024-11-20 12:22:38,782 [INFO] AnalyticsPlugin:253 - Accepted Software Licenses: STM32CubeMX.6.12.1,STM32CubeMX.5.6.1
2024-11-20 12:22:38,783 [INFO] AnalyticsPlugin:255 - Accepted CMSIS Pack Licenses: STMicroelectronics.X-CUBE-TOUCHGFX.4.13.0,STMicroelectronics.X-CUBE-TOUCHGFX.4.24.0
2024-11-20 12:22:38,783 [INFO] AnalyticsPlugin:257 - Accepted Firmware Licenses: FW.F7.1.17.0
2024-11-20 12:22:38,785 [INFO] PluginManage:359 - Loaded plugin analytics (category:tool,tabindex:-1)
2024-11-20 12:22:38,785 [INFO] PluginManage:310 - Check plugin cadmodel
2024-11-20 12:22:38,801 [INFO] CADModel:105 - Init CAD model plugin
2024-11-20 12:22:38,801 [INFO] PluginManage:359 - Loaded plugin cadmodel (category:power,tabindex:5)
2024-11-20 12:22:38,801 [INFO] PluginManage:310 - Check plugin clock
2024-11-20 12:22:38,823 [INFO] PluginManage:359 - Loaded plugin clock (category:base,tabindex:2)
2024-11-20 12:22:38,823 [INFO] PluginManage:310 - Check plugin ddr
2024-11-20 12:22:38,825 [INFO] PluginManage:359 - Loaded plugin ddr (category:tool,tabindex:6)
2024-11-20 12:22:38,826 [INFO] PluginManage:310 - Check plugin filemanager
2024-11-20 12:22:38,963 [INFO] PluginManage:359 - Loaded plugin filemanager (category:base,tabindex:10)
2024-11-20 12:22:38,963 [INFO] PluginManage:310 - Check plugin ipmanager
2024-11-20 12:22:38,969 [INFO] PluginManage:359 - Loaded plugin ipmanager (category:base,tabindex:5)
2024-11-20 12:22:38,970 [INFO] PluginManage:310 - Check plugin lpbam
2024-11-20 12:22:38,986 [INFO] PluginManage:359 - Loaded plugin lpbam (category:base,tabindex:0)
2024-11-20 12:22:38,986 [INFO] PluginManage:310 - Check plugin memorymap
2024-11-20 12:22:39,005 [INFO] PluginManage:359 - Loaded plugin memorymap (category:base,tabindex:4)
2024-11-20 12:22:39,005 [INFO] PluginManage:310 - Check plugin pinoutandconfiguration
2024-11-20 12:22:39,022 [INFO] PluginManage:359 - Loaded plugin pinoutandconfiguration (category:base,tabindex:1)
2024-11-20 12:22:39,022 [INFO] PluginManage:310 - Check plugin pinoutconfig
2024-11-20 12:22:39,096 [WARN] SupportedApi:132 - Cannot load RTOS API schema: s4s-elt-must-match.1: The content of 'definitions' must match (annotation?, (simpleType | complexType)?, (unique | key | keyref)*)). A problem was found starting at: attribute.
2024-11-20 12:22:39,224 [INFO] PluginManage:359 - Loaded plugin pinoutconfig (category:base,tabindex:0)
2024-11-20 12:22:39,224 [INFO] PluginManage:310 - Check plugin power
2024-11-20 12:22:39,242 [INFO] PluginManage:359 - Loaded plugin power (category:power,tabindex:4)
2024-11-20 12:22:39,242 [INFO] PluginManage:310 - Check plugin projectmanager
2024-11-20 12:22:39,256 [INFO] PluginManage:359 - Loaded plugin projectmanager (category:projectmanager,tabindex:4)
2024-11-20 12:22:39,256 [INFO] PluginManage:310 - Check plugin rif
2024-11-20 12:22:39,271 [INFO] PluginManage:359 - Loaded plugin rif (category:base,tabindex:3)
2024-11-20 12:22:39,271 [INFO] PluginManage:310 - Check plugin thirdparty
2024-11-20 12:22:39,538 [INFO] PluginManage:359 - Loaded plugin thirdparty (category:base,tabindex:-1)
2024-11-20 12:22:39,538 [WARN] IntegrityCheckThread:84 - waiting for thirdparty lock release [integrity check]
2024-11-20 12:22:39,538 [INFO] PluginManage:310 - Check plugin tools
2024-11-20 12:22:39,538 [INFO] IntegrityCheckThread:86 - entering critical section [integrity check]
2024-11-20 12:22:39,539 [INFO] ThirdPartyUpdaterWithRetryManager:70 - Updater plugin not ready yet. [1/15]
2024-11-20 12:22:39,568 [INFO] PluginManage:359 - Loaded plugin tools (category:base,tabindex:7)
2024-11-20 12:22:39,568 [INFO] PluginManage:310 - Check plugin tutovideos
2024-11-20 12:22:39,731 [INFO] PluginManage:359 - Loaded plugin tutovideos (category:base,tabindex:-1)
2024-11-20 12:22:39,731 [INFO] PluginManage:310 - Check plugin updater
2024-11-20 12:22:39,748 [INFO] PluginManage:359 - Loaded plugin updater (category:base,tabindex:12)
2024-11-20 12:22:39,748 [INFO] PluginManage:310 - Check plugin userauth
2024-11-20 12:22:39,754 [INFO] UserAuth:113 - Init User Auth plugin
2024-11-20 12:22:39,754 [INFO] PluginManage:359 - Loaded plugin userauth (category:base,tabindex:14)
2024-11-20 12:22:39,754 [INFO] PluginManage:283 - PluginManage : Loaded plugins [18]
2024-11-20 12:22:39,924 [INFO] PinOutPanel:1561 - setPackage(No Configuration,No Configuration)
2024-11-20 12:22:39,995 [INFO] CADModel:165 - CPN selected for project level
2024-11-20 12:22:39,995 [INFO] CADModel:114 - Register for checkConnection events
2024-11-20 12:22:40,019 [INFO] IPUIPlugin:80 - create IPUIPlugin
2024-11-20 12:22:40,019 [INFO] PluginManager:220 - loadIPPluginJar : add adc
2024-11-20 12:22:40,050 [INFO] IPUIPlugin:80 - create IPUIPlugin
2024-11-20 12:22:40,050 [INFO] PluginManager:220 - loadIPPluginJar : add aes
2024-11-20 12:22:40,084 [INFO] IPUIPlugin:80 - create IPUIPlugin
2024-11-20 12:22:40,084 [INFO] PluginManager:220 - loadIPPluginJar : add can
2024-11-20 12:22:40,105 [INFO] IPUIPlugin:80 - create IPUIPlugin
2024-11-20 12:22:40,105 [INFO] PluginManager:220 - loadIPPluginJar : add comp
2024-11-20 12:22:40,133 [INFO] IPUIPlugin:80 - create IPUIPlugin
2024-11-20 12:22:40,133 [INFO] PluginManager:220 - loadIPPluginJar : add cryp
2024-11-20 12:22:40,144 [INFO] IPUIPlugin:80 - create IPUIPlugin
2024-11-20 12:22:40,144 [INFO] PluginManager:220 - loadIPPluginJar : add ddr_ctrl_phy
2024-11-20 12:22:40,172 [INFO] IPUIPlugin:80 - create IPUIPlugin
2024-11-20 12:22:40,172 [INFO] PluginManager:220 - loadIPPluginJar : add dfsdm
2024-11-20 12:22:40,185 [INFO] IPUIPlugin:80 - create IPUIPlugin
2024-11-20 12:22:40,185 [INFO] PluginManager:220 - loadIPPluginJar : add dma
2024-11-20 12:22:40,221 [INFO] IPUIPlugin:80 - create IPUIPlugin
2024-11-20 12:22:40,221 [INFO] PluginManager:220 - loadIPPluginJar : add dma3
2024-11-20 12:22:40,258 [INFO] IPUIPlugin:80 - create IPUIPlugin
2024-11-20 12:22:40,258 [INFO] PluginManager:220 - loadIPPluginJar : add extmemmanager
2024-11-20 12:22:40,275 [INFO] IPUIPlugin:80 - create IPUIPlugin
2024-11-20 12:22:40,275 [INFO] PluginManager:220 - loadIPPluginJar : add fatfs
2024-11-20 12:22:40,314 [INFO] IPUIPlugin:80 - create IPUIPlugin
2024-11-20 12:22:40,314 [INFO] PluginManager:220 - loadIPPluginJar : add fmc
2024-11-20 12:22:40,328 [INFO] IPUIPlugin:80 - create IPUIPlugin
2024-11-20 12:22:40,328 [INFO] PluginManager:220 - loadIPPluginJar : add freertos
2024-11-20 12:22:40,345 [INFO] IPUIPlugin:80 - create IPUIPlugin
2024-11-20 12:22:40,345 [INFO] PluginManager:220 - loadIPPluginJar : add genericplugin
2024-11-20 12:22:40,417 [INFO] IPUIPlugin:80 - create IPUIPlugin
2024-11-20 12:22:40,417 [INFO] PluginManager:220 - loadIPPluginJar : add gfxmmu
2024-11-20 12:22:40,521 [INFO] IPUIPlugin:80 - create IPUIPlugin
2024-11-20 12:22:40,521 [INFO] PluginManager:220 - loadIPPluginJar : add gic
2024-11-20 12:22:40,533 [INFO] IPUIPlugin:80 - create IPUIPlugin
2024-11-20 12:22:40,533 [INFO] PluginManager:220 - loadIPPluginJar : add gpio
2024-11-20 12:22:40,604 [INFO] IPUIPlugin:80 - create IPUIPlugin
2024-11-20 12:22:40,604 [INFO] PluginManager:220 - loadIPPluginJar : add gtzc
2024-11-20 12:22:40,630 [INFO] IPUIPlugin:80 - create IPUIPlugin
2024-11-20 12:22:40,631 [INFO] PluginManager:220 - loadIPPluginJar : add hash
2024-11-20 12:22:40,672 [INFO] IPUIPlugin:80 - create IPUIPlugin
2024-11-20 12:22:40,672 [INFO] PluginManager:220 - loadIPPluginJar : add i2c
2024-11-20 12:22:40,703 [INFO] IPUIPlugin:80 - create IPUIPlugin
2024-11-20 12:22:40,703 [INFO] PluginManager:220 - loadIPPluginJar : add i2s
2024-11-20 12:22:40,737 [INFO] IPUIPlugin:80 - create IPUIPlugin
2024-11-20 12:22:40,737 [INFO] PluginManager:220 - loadIPPluginJar : add i3c
2024-11-20 12:22:40,819 [INFO] IPUIPlugin:80 - create IPUIPlugin
2024-11-20 12:22:40,820 [INFO] PluginManager:220 - loadIPPluginJar : add ipddr
2024-11-20 12:22:40,892 [INFO] IPUIPlugin:80 - create IPUIPlugin
2024-11-20 12:22:40,892 [INFO] PluginManager:220 - loadIPPluginJar : add linkedlist
2024-11-20 12:22:40,922 [INFO] IPUIPlugin:80 - create IPUIPlugin
2024-11-20 12:22:40,922 [INFO] PluginManager:220 - loadIPPluginJar : add lorawan
2024-11-20 12:22:40,951 [INFO] IPUIPlugin:80 - create IPUIPlugin
2024-11-20 12:22:40,951 [INFO] PluginManager:220 - loadIPPluginJar : add ltdc
2024-11-20 12:22:40,963 [INFO] IPUIPlugin:80 - create IPUIPlugin
2024-11-20 12:22:40,963 [INFO] PluginManager:220 - loadIPPluginJar : add mdma
2024-11-20 12:22:40,976 [INFO] IPUIPlugin:80 - create IPUIPlugin
2024-11-20 12:22:40,976 [INFO] PluginManager:220 - loadIPPluginJar : add nvic
2024-11-20 12:22:41,005 [INFO] IPUIPlugin:80 - create IPUIPlugin
2024-11-20 12:22:41,005 [INFO] PluginManager:220 - loadIPPluginJar : add opamp
2024-11-20 12:22:41,053 [INFO] IPUIPlugin:80 - create IPUIPlugin
2024-11-20 12:22:41,053 [INFO] PluginManager:220 - loadIPPluginJar : add openamp
2024-11-20 12:22:41,087 [INFO] IPUIPlugin:80 - create IPUIPlugin
2024-11-20 12:22:41,087 [INFO] PluginManager:220 - loadIPPluginJar : add pdm2pcm
2024-11-20 12:22:41,099 [INFO] IPUIPlugin:80 - create IPUIPlugin
2024-11-20 12:22:41,101 [INFO] PluginManager:220 - loadIPPluginJar : add plateformsettings
2024-11-20 12:22:41,120 [INFO] IPUIPlugin:80 - create IPUIPlugin
2024-11-20 12:22:41,120 [INFO] PluginManager:220 - loadIPPluginJar : add quadspi
2024-11-20 12:22:41,142 [INFO] IPUIPlugin:80 - create IPUIPlugin
2024-11-20 12:22:41,143 [INFO] PluginManager:220 - loadIPPluginJar : add radio
2024-11-20 12:22:41,154 [INFO] IPUIPlugin:80 - create IPUIPlugin
2024-11-20 12:22:41,154 [INFO] PluginManager:220 - loadIPPluginJar : add resmgrutility
2024-11-20 12:22:41,192 [INFO] IPUIPlugin:80 - create IPUIPlugin
2024-11-20 12:22:41,192 [INFO] PluginManager:220 - loadIPPluginJar : add sai
2024-11-20 12:22:41,221 [INFO] IPUIPlugin:80 - create IPUIPlugin
2024-11-20 12:22:41,221 [INFO] PluginManager:220 - loadIPPluginJar : add spi
2024-11-20 12:22:41,277 [INFO] IPUIPlugin:80 - create IPUIPlugin
2024-11-20 12:22:41,277 [INFO] PluginManager:220 - loadIPPluginJar : add stm32_wpan
2024-11-20 12:22:41,299 [INFO] IPUIPlugin:80 - create IPUIPlugin
2024-11-20 12:22:41,299 [INFO] PluginManager:220 - loadIPPluginJar : add tim
2024-11-20 12:22:41,346 [INFO] IPUIPlugin:80 - create IPUIPlugin
2024-11-20 12:22:41,346 [INFO] PluginManager:220 - loadIPPluginJar : add touchsensing
2024-11-20 12:22:41,365 [INFO] IPUIPlugin:80 - create IPUIPlugin
2024-11-20 12:22:41,365 [INFO] PluginManager:220 - loadIPPluginJar : add tracer_emb
2024-11-20 12:22:41,384 [INFO] IPUIPlugin:80 - create IPUIPlugin
2024-11-20 12:22:41,384 [INFO] PluginManager:220 - loadIPPluginJar : add ts
2024-11-20 12:22:41,403 [INFO] IPUIPlugin:80 - create IPUIPlugin
2024-11-20 12:22:41,403 [INFO] PluginManager:220 - loadIPPluginJar : add tsc
2024-11-20 12:22:41,421 [INFO] IPUIPlugin:80 - create IPUIPlugin
2024-11-20 12:22:41,421 [INFO] PluginManager:220 - loadIPPluginJar : add ucpd
2024-11-20 12:22:41,456 [INFO] IPUIPlugin:80 - create IPUIPlugin
2024-11-20 12:22:41,456 [INFO] PluginManager:220 - loadIPPluginJar : add usart
2024-11-20 12:22:41,491 [INFO] IPUIPlugin:80 - create IPUIPlugin
2024-11-20 12:22:41,491 [INFO] PluginManager:220 - loadIPPluginJar : add usbx
2024-11-20 12:22:41,602 [INFO] CADModel:165 - CPN selected for project level
2024-11-20 12:22:41,602 [INFO] CADModel:114 - Register for checkConnection events
2024-11-20 12:22:41,602 [FATAL] Updater:334 - Updater called before beeing initialized
2024-11-20 12:22:41,602 [ERROR] CADModel:125 - Updater not yet initialized, retry later 
2024-11-20 12:22:41,710 [INFO] CADModel:165 - CPN selected for project level
2024-11-20 12:22:41,710 [INFO] CADModel:114 - Register for checkConnection events
2024-11-20 12:22:41,710 [FATAL] Updater:334 - Updater called before beeing initialized
2024-11-20 12:22:41,710 [ERROR] CADModel:125 - Updater not yet initialized, retry later 
2024-11-20 12:22:41,712 [FATAL] Updater:334 - Updater called before beeing initialized
2024-11-20 12:22:41,786 [FATAL] Updater:334 - Updater called before beeing initialized
2024-11-20 12:22:41,795 [INFO] DbMcusAds:53 - JSON generation date=Fri Sep 20 15:04:38 CEST 2024 (1726837478367)
2024-11-20 12:22:41,795 [FATAL] Updater:334 - Updater called before beeing initialized
2024-11-20 12:22:41,830 [WARN] DetailPanel:346 - Failed to get advertising image, set to default
2024-11-20 12:22:41,915 [FATAL] Updater:334 - Updater called before beeing initialized
2024-11-20 12:22:41,917 [FATAL] Updater:334 - Updater called before beeing initialized
2024-11-20 12:22:41,917 [FATAL] Updater:334 - Updater called before beeing initialized
2024-11-20 12:22:41,917 [WARN] DetailPanel:346 - Failed to get advertising image, set to default
2024-11-20 12:22:41,918 [FATAL] Updater:334 - Updater called before beeing initialized
2024-11-20 12:22:41,988 [ERROR] Updater:1164 - MainUpdater not yet initialized. External WinMGr cannot be set.
2024-11-20 12:22:41,999 [INFO] Updater:1100 - Updater Version found : 6.12.1
2024-11-20 12:22:42,016 [INFO] ApplicationProperties:184 - Using Application install path: C:\ST\STM32CubeIDE_1.16.1\STM32CubeIDE\plugins\com.st.stm32cube.common.mx_6.12.1.202409122256
2024-11-20 12:22:42,409 [INFO] MainUpdater:2873 - connection check result : 10
2024-11-20 12:22:42,410 [INFO] MainUpdater:290 - Updater Check For Update Now.
2024-11-20 12:22:42,410 [INFO] MicroXplorer:498 - Change Database Version : DB.6.0.121
2024-11-20 12:22:42,430 [INFO] McuFinderGlobals:63 - Set McuFinder mode to 2 (CubeIDE integrated)
2024-11-20 12:22:42,436 [INFO] UserAuth:417 - Internet connection configuration mode: 1
2024-11-20 12:22:42,465 [INFO] JxBrowserEngine:152 - Initiate JxBrowser Engine with user profile folder
2024-11-20 12:22:42,549 [WARN] MainUpdater:1194 - Updater busy. Cannot search thirdparties
2024-11-20 12:22:42,549 [INFO] ThirdPartyUpdaterWithRetryManager:96 - Updater plugin is busy. [1/15]
2024-11-20 12:22:42,647 [INFO] CheckServerUpdateThread:120 - End of CheckServer Thread
2024-11-20 12:22:45,731 [WARN] PackLoader:240 - Cannot read IP mode file for STMicroelectronics.FP-SNS-MOTENVWB1.1.4.0
2024-11-20 12:22:45,747 [WARN] PackLoader:240 - Cannot read IP mode file for STMicroelectronics.FP-ATR-ASTRA1.2.0.1
2024-11-20 12:22:45,760 [WARN] PackLoader:240 - Cannot read IP mode file for STMicroelectronics.X-CUBE-SMBUS.2.1.0
2024-11-20 12:22:45,776 [WARN] PackLoader:240 - Cannot read IP mode file for STMicroelectronics.X-CUBE-WB05N.1.1.0
2024-11-20 12:22:45,812 [WARN] PackLoader:240 - Cannot read IP mode file for STMicroelectronics.X-CUBE-AZRTOS-F7.1.1.0
2024-11-20 12:22:45,895 [WARN] PackLoader:240 - Cannot read IP mode file for STMicroelectronics.X-CUBE-MEMS1.11.0.0
2024-11-20 12:22:46,049 [WARN] PackLoader:240 - Cannot read IP mode file for STMicroelectronics.FP-SNS-FLIGHT1.5.0.2
2024-11-20 12:22:46,067 [WARN] PackLoader:240 - Cannot read IP mode file for STMicroelectronics.X-CUBE-DISPLAY.3.0.0
2024-11-20 12:22:46,082 [WARN] PackLoader:240 - Cannot read IP mode file for STMicroelectronics.X-CUBE-BLE1.7.0.0
2024-11-20 12:22:46,098 [WARN] PackLoader:240 - Cannot read IP mode file for emotas.I-CUBE-CANOPEN.1.3.0
2024-11-20 12:22:46,119 [WARN] PackLoader:240 - Cannot read IP mode file for STMicroelectronics.X-CUBE-BLEMGR.3.1.0
2024-11-20 12:22:46,138 [WARN] PackLoader:240 - Cannot read IP mode file for STMicroelectronics.FP-SNS-SMARTAG2.1.2.0
2024-11-20 12:22:46,163 [INFO] LogOutputStream:77 - [STDOUT_REDIRECT] 1 : Invalid condition id : UX_CORESTACK_Condition cause : null
2024-11-20 12:22:46,164 [INFO] LogOutputStream:77 - [STDOUT_REDIRECT] 1 : Invalid condition id : UX_CORESTACK_Condition cause : null
2024-11-20 12:22:46,165 [INFO] LogOutputStream:77 - [STDOUT_REDIRECT] 1 : Invalid condition id : UX_CORESTACK_Condition cause : null
2024-11-20 12:22:46,166 [INFO] LogOutputStream:77 - [STDOUT_REDIRECT] 1 : Invalid condition id : UX_CORESTACK_Condition cause : null
2024-11-20 12:22:46,166 [INFO] LogOutputStream:77 - [STDOUT_REDIRECT] 1 : Invalid condition id : UX_CORESTACK_Condition cause : null
2024-11-20 12:22:46,176 [WARN] PackLoader:240 - Cannot read IP mode file for STMicroelectronics.X-CUBE-AZRTOS-WL.2.0.0
2024-11-20 12:22:46,207 [WARN] PackLoader:240 - Cannot read IP mode file for STMicroelectronics.FP-SNS-MOTENV1.5.0.0
2024-11-20 12:22:46,222 [WARN] PackLoader:240 - Cannot read IP mode file for wolfSSL.I-CUBE-wolfMQTT.1.19.0
2024-11-20 12:22:46,244 [WARN] PackLoader:240 - Cannot read IP mode file for WES.I-CUBE-Cesium.1.3.0
2024-11-20 12:22:46,301 [WARN] PackLoader:240 - Cannot read IP mode file for STMicroelectronics.X-CUBE-BLE2.3.3.0
2024-11-20 12:22:46,320 [WARN] PackLoader:240 - Cannot read IP mode file for STMicroelectronics.X-CUBE-TCPP.4.1.0
2024-11-20 12:22:46,352 [WARN] PackLoader:240 - Cannot read IP mode file for STMicroelectronics.X-CUBE-AZRTOS-G0.1.1.0
2024-11-20 12:22:46,375 [WARN] PackLoader:240 - Cannot read IP mode file for STMicroelectronics.X-CUBE-SAFEA1.1.2.2
2024-11-20 12:22:46,395 [WARN] PackLoader:240 - Cannot read IP mode file for STMicroelectronics.X-CUBE-NFC4.3.0.0
2024-11-20 12:22:46,412 [WARN] PackLoader:240 - Cannot read IP mode file for EmbeddedOffice.I-CUBE-FS-RTOS.1.0.1
2024-11-20 12:22:46,413 [ERROR] ConditionMgr:805 - Attr not supported : Dmpu
2024-11-20 12:22:46,413 [ERROR] ConditionMgr:805 - Attr not supported : Dmpu
2024-11-20 12:22:46,413 [ERROR] ConditionMgr:805 - Attr not supported : Dmpu
2024-11-20 12:22:46,413 [ERROR] ConditionMgr:805 - Attr not supported : Dmpu
2024-11-20 12:22:46,413 [ERROR] ConditionMgr:805 - Attr not supported : Dmpu
2024-11-20 12:22:46,413 [ERROR] ConditionMgr:805 - Attr not supported : Dmpu
2024-11-20 12:22:46,413 [ERROR] ConditionMgr:805 - Attr not supported : Dmpu
2024-11-20 12:22:46,413 [ERROR] ConditionMgr:805 - Attr not supported : Dmpu
2024-11-20 12:22:46,413 [ERROR] ConditionMgr:805 - Attr not supported : Dmpu
2024-11-20 12:22:46,413 [ERROR] ConditionMgr:805 - Attr not supported : Dmpu
2024-11-20 12:22:46,413 [ERROR] ConditionMgr:805 - Attr not supported : Dmpu
2024-11-20 12:22:46,413 [ERROR] ConditionMgr:805 - Attr not supported : Dmpu
2024-11-20 12:22:46,413 [ERROR] ConditionMgr:805 - Attr not supported : Dmpu
2024-11-20 12:22:46,413 [ERROR] ConditionMgr:805 - Attr not supported : Dmpu
2024-11-20 12:22:46,413 [ERROR] ConditionMgr:805 - Attr not supported : Dmpu
2024-11-20 12:22:46,413 [ERROR] ConditionMgr:805 - Attr not supported : Dmpu
2024-11-20 12:22:46,414 [ERROR] ConditionMgr:805 - Attr not supported : Dmpu
2024-11-20 12:22:46,414 [ERROR] ConditionMgr:805 - Attr not supported : Dmpu
2024-11-20 12:22:46,414 [ERROR] ConditionMgr:805 - Attr not supported : Dmpu
2024-11-20 12:22:46,414 [ERROR] ConditionMgr:805 - Attr not supported : Dmpu
2024-11-20 12:22:46,414 [ERROR] ConditionMgr:805 - Attr not supported : Dmpu
2024-11-20 12:22:46,414 [ERROR] ConditionMgr:805 - Attr not supported : Dmpu
2024-11-20 12:22:46,414 [ERROR] ConditionMgr:805 - Attr not supported : Dmpu
2024-11-20 12:22:46,414 [ERROR] ConditionMgr:805 - Attr not supported : Dmpu
2024-11-20 12:22:46,414 [ERROR] ConditionMgr:805 - Attr not supported : Dmpu
2024-11-20 12:22:46,414 [ERROR] ConditionMgr:805 - Attr not supported : Dmpu
2024-11-20 12:22:46,414 [ERROR] ConditionMgr:805 - Attr not supported : Dmpu
2024-11-20 12:22:46,414 [ERROR] ConditionMgr:805 - Attr not supported : Dmpu
2024-11-20 12:22:46,414 [ERROR] ConditionMgr:805 - Attr not supported : Dmpu
2024-11-20 12:22:46,414 [ERROR] ConditionMgr:805 - Attr not supported : Dmpu
2024-11-20 12:22:46,414 [ERROR] ConditionMgr:805 - Attr not supported : Dmpu
2024-11-20 12:22:46,414 [ERROR] ConditionMgr:805 - Attr not supported : Dmpu
2024-11-20 12:22:46,414 [ERROR] ConditionMgr:805 - Attr not supported : Dmpu
2024-11-20 12:22:46,414 [ERROR] ConditionMgr:805 - Attr not supported : Dmpu
2024-11-20 12:22:46,415 [ERROR] ConditionMgr:805 - Attr not supported : Dmpu
2024-11-20 12:22:46,415 [ERROR] ConditionMgr:805 - Attr not supported : Dmpu
2024-11-20 12:22:46,415 [ERROR] ConditionMgr:805 - Attr not supported : Dmpu
2024-11-20 12:22:46,416 [ERROR] ConditionMgr:805 - Attr not supported : Dmpu
2024-11-20 12:22:46,416 [ERROR] ConditionMgr:805 - Attr not supported : Dmpu
2024-11-20 12:22:46,416 [ERROR] ConditionMgr:805 - Attr not supported : Dmpu
2024-11-20 12:22:46,416 [ERROR] ConditionMgr:805 - Attr not supported : Dmpu
2024-11-20 12:22:46,416 [ERROR] ConditionMgr:805 - Attr not supported : Dmpu
2024-11-20 12:22:46,416 [ERROR] ConditionMgr:805 - Attr not supported : Dmpu
2024-11-20 12:22:46,416 [ERROR] ConditionMgr:805 - Attr not supported : Dmpu
2024-11-20 12:22:46,416 [ERROR] ConditionMgr:805 - Attr not supported : Dmpu
2024-11-20 12:22:46,416 [ERROR] ConditionMgr:805 - Attr not supported : Dmpu
2024-11-20 12:22:46,416 [ERROR] ConditionMgr:805 - Attr not supported : Dmpu
2024-11-20 12:22:46,416 [ERROR] ConditionMgr:805 - Attr not supported : Dmpu
2024-11-20 12:22:46,416 [ERROR] ConditionMgr:805 - Attr not supported : Dmpu
2024-11-20 12:22:46,416 [ERROR] ConditionMgr:805 - Attr not supported : Dmpu
2024-11-20 12:22:46,416 [ERROR] ConditionMgr:805 - Attr not supported : Dmpu
2024-11-20 12:22:46,416 [ERROR] ConditionMgr:805 - Attr not supported : Dmpu
2024-11-20 12:22:46,417 [ERROR] ConditionMgr:805 - Attr not supported : Dmpu
2024-11-20 12:22:46,417 [ERROR] ConditionMgr:805 - Attr not supported : Dmpu
2024-11-20 12:22:46,417 [ERROR] ConditionMgr:805 - Attr not supported : Dmpu
2024-11-20 12:22:46,417 [ERROR] ConditionMgr:805 - Attr not supported : Dmpu
2024-11-20 12:22:46,417 [ERROR] ConditionMgr:805 - Attr not supported : Dmpu
2024-11-20 12:22:46,417 [ERROR] ConditionMgr:805 - Attr not supported : Dmpu
2024-11-20 12:22:46,417 [ERROR] ConditionMgr:805 - Attr not supported : Dmpu
2024-11-20 12:22:46,417 [ERROR] ConditionMgr:805 - Attr not supported : Dmpu
2024-11-20 12:22:46,417 [ERROR] ConditionMgr:805 - Attr not supported : Dmpu
2024-11-20 12:22:46,417 [ERROR] ConditionMgr:805 - Attr not supported : Dmpu
2024-11-20 12:22:46,417 [ERROR] ConditionMgr:805 - Attr not supported : Dmpu
2024-11-20 12:22:46,417 [ERROR] ConditionMgr:805 - Attr not supported : Dmpu
2024-11-20 12:22:46,430 [WARN] PackLoader:240 - Cannot read IP mode file for RealThread.X-CUBE-RT-Thread_Nano.4.1.1
2024-11-20 12:22:46,444 [WARN] PackLoader:240 - Cannot read IP mode file for STMicroelectronics.FP-ATR-SIGFOX1.3.2.0
2024-11-20 12:22:46,460 [WARN] PackLoader:240 - Cannot read IP mode file for wolfSSL.I-CUBE-wolfSSL.5.7.2
2024-11-20 12:22:46,474 [WARN] ConditionMgr:438 - getConditionDescription Invalid condition id : Cortex-A Device cause : null
2024-11-20 12:22:46,496 [WARN] ConditionMgr:1039 - genDependencies : Invalid condition id : Cortex-A Device cause : null
2024-11-20 12:22:46,497 [WARN] ConditionMgr:1039 - genDependencies : Invalid condition id : Cortex-A Device cause : null
2024-11-20 12:22:46,497 [WARN] ConditionMgr:1039 - genDependencies : Invalid condition id : Cortex-A Device cause : null
2024-11-20 12:22:46,512 [WARN] PackLoader:240 - Cannot read IP mode file for STMicroelectronics.X-CUBE-EEPRMA1.5.1.0
2024-11-20 12:22:46,528 [WARN] PackLoader:240 - Cannot read IP mode file for ITTIA_DB.I-CUBE-ITTIADB.8.9.0
2024-11-20 12:22:46,566 [WARN] PackLoader:240 - Cannot read IP mode file for SEGGER.I-CUBE-embOS.1.3.1
2024-11-20 12:22:46,618 [WARN] PackLoader:240 - Cannot read IP mode file for STMicroelectronics.X-CUBE-ALGOBUILD.1.4.0
2024-11-20 12:22:46,635 [WARN] PackLoader:240 - Cannot read IP mode file for STMicroelectronics.X-CUBE-AI.9.1.0
2024-11-20 12:22:46,668 [WARN] PackLoader:240 - Cannot read IP mode file for STMicroelectronics.X-CUBE-AZRTOS-F4.1.1.0
2024-11-20 12:22:46,682 [WARN] PackLoader:240 - Cannot read IP mode file for STMicroelectronics.X-CUBE-ISPU.2.1.0
2024-11-20 12:22:46,699 [WARN] PackLoader:240 - Cannot read IP mode file for STMicroelectronics.X-CUBE-FREERTOS.1.2.0
2024-11-20 12:22:46,730 [WARN] PackLoader:240 - Cannot read IP mode file for STMicroelectronics.X-CUBE-AZRTOS-L5.2.0.0
2024-11-20 12:22:46,750 [WARN] PackLoader:240 - Cannot read IP mode file for STMicroelectronics.X-CUBE-NFC6.3.1.0
2024-11-20 12:22:46,767 [WARN] PackLoader:240 - Cannot read IP mode file for STMicroelectronics.X-CUBE-DPower.1.2.0
2024-11-20 12:22:46,781 [WARN] PackLoader:240 - Cannot read IP mode file for STMicroelectronics.X-CUBE-AI.9.0.0
2024-11-20 12:22:46,799 [WARN] PackLoader:240 - Cannot read IP mode file for STMicroelectronics.X-CUBE-NFC7.1.0.1
2024-11-20 12:22:46,831 [WARN] ConditionMgr:438 - getConditionDescription Invalid condition id : LAN8742 Phy interface Condition cause : null
2024-11-20 12:22:46,832 [WARN] PackLoader:240 - Cannot read IP mode file for STMicroelectronics.X-CUBE-AZRTOS-L4.2.0.0
2024-11-20 12:22:46,833 [WARN] ConditionMgr:1039 - genDependencies : Invalid condition id : LAN8742 Phy interface Condition cause : null
2024-11-20 12:22:46,833 [WARN] ConditionMgr:1039 - genDependencies : Invalid condition id : LAN8742 Phy interface Condition cause : null
2024-11-20 12:22:46,833 [WARN] ConditionMgr:1039 - genDependencies : Invalid condition id : LAN8742 Phy interface Condition cause : null
2024-11-20 12:22:46,851 [WARN] PackLoader:240 - Cannot read IP mode file for STMicroelectronics.X-CUBE-SFXS2LP1.4.0.0
2024-11-20 12:22:46,886 [WARN] PackLoader:240 - Cannot read IP mode file for STMicroelectronics.X-CUBE-AZRTOS-H7.3.3.0
2024-11-20 12:22:46,904 [WARN] PackLoader:240 - Cannot read IP mode file for STMicroelectronics.X-CUBE-IPS.3.0.0
2024-11-20 12:22:46,929 [WARN] ConditionMgr:438 - getConditionDescription Invalid condition id : UX DEVICE CLASS RTOS Condition cause : null
2024-11-20 12:22:46,929 [WARN] ConditionMgr:438 - getConditionDescription Invalid condition id : UX DEVICE CLASS RTOS Condition cause : null
2024-11-20 12:22:46,931 [WARN] PackLoader:240 - Cannot read IP mode file for STMicroelectronics.X-CUBE-AZRTOS-WB.2.0.0
2024-11-20 12:22:46,932 [WARN] ConditionMgr:1039 - genDependencies : Invalid condition id : UX DEVICE CLASS RTOS Condition cause : null
2024-11-20 12:22:46,932 [WARN] ConditionMgr:1039 - genDependencies : Invalid condition id : UX DEVICE CLASS RTOS Condition cause : null
2024-11-20 12:22:46,932 [WARN] ConditionMgr:1039 - genDependencies : Invalid condition id : UX DEVICE CLASS RTOS Condition cause : null
2024-11-20 12:22:46,932 [WARN] ConditionMgr:1039 - genDependencies : Invalid condition id : UX DEVICE CLASS RTOS Condition cause : null
2024-11-20 12:22:46,932 [WARN] ConditionMgr:1039 - genDependencies : Invalid condition id : UX DEVICE CLASS RTOS Condition cause : null
2024-11-20 12:22:46,948 [WARN] PackLoader:240 - Cannot read IP mode file for STMicroelectronics.X-CUBE-GNSS1.7.0.0
2024-11-20 12:22:46,970 [WARN] PackLoader:240 - Cannot read IP mode file for STMicroelectronics.FP-SNS-STBOX1.2.0.0
2024-11-20 12:22:46,995 [WARN] PackLoader:240 - Cannot read IP mode file for STMicroelectronics.X-CUBE-SUBG2.5.0.0
2024-11-20 12:22:47,020 [WARN] PackLoader:240 - Cannot read IP mode file for STMicroelectronics.X-CUBE-TOUCHGFX.4.13.0
2024-11-20 12:22:47,130 [WARN] PackLoader:240 - Cannot read IP mode file for Cesanta.I-CUBE-Mongoose.7.13.0
2024-11-20 12:22:47,153 [WARN] PackLoader:240 - Cannot read IP mode file for STMicroelectronics.X-CUBE-AZRTOS-G4.2.0.0
2024-11-20 12:22:47,169 [WARN] PackLoader:240 - Cannot read IP mode file for STMicroelectronics.X-CUBE-ALS.1.0.2
2024-11-20 12:22:47,312 [WARN] PackLoader:240 - Cannot read IP mode file for STMicroelectronics.X-CUBE-TOUCHGFX.4.24.0
2024-11-20 12:22:47,401 [WARN] PackLoader:240 - Cannot read IP mode file for STMicroelectronics.X-CUBE-TOUCHGFX.4.24.1
2024-11-20 12:22:47,415 [WARN] PackLoader:240 - Cannot read IP mode file for wolfSSL.I-CUBE-wolfTPM.3.4.0
2024-11-20 12:22:47,433 [WARN] PackLoader:240 - Cannot read IP mode file for portGmbH.I-Cube-SoM-uGOAL.1.1.0
2024-11-20 12:22:47,467 [WARN] PackLoader:240 - Cannot read IP mode file for STMicroelectronics.X-CUBE-AZRTOS-H7RS.1.0.0
2024-11-20 12:22:47,484 [WARN] PackLoader:240 - Cannot read IP mode file for STMicroelectronics.FP-ATR-ASTRA1.2.0.0
2024-11-20 12:22:47,508 [WARN] PackLoader:240 - Cannot read IP mode file for STMicroelectronics.X-CUBE-TOF1.3.4.2
2024-11-20 12:22:47,574 [WARN] PackLoader:240 - Cannot read IP mode file for Infineon.AIROC-Wi-Fi-Bluetooth-STM32.1.6.1
2024-11-20 12:22:47,592 [WARN] PackLoader:240 - Cannot read IP mode file for wolfSSL.I-CUBE-wolfSSH.1.4.17
2024-11-20 12:22:47,592 [INFO] ThirdParty:978 - Integrity check success = true
2024-11-20 12:22:47,592 [INFO] IntegrityCheckThread:100 - exiting critical section [integrity check]
2024-11-20 12:22:47,592 [INFO] IntegrityCheckThread:103 - End integrity checks thread
2024-11-20 12:22:47,690 [INFO] WebApp:167 - Instantiating new browser for Auth
2024-11-20 12:22:48,410 [INFO] WebApp:448 - Apply proxy settings
2024-11-20 12:22:48,411 [INFO] WebApp:533 - Chromium requires no authentication
2024-11-20 12:22:48,435 [INFO] WebApp:476 - Direct internet connection detected
2024-11-20 12:22:48,455 [INFO] WebApp:869 - Register for checkConnection events
2024-11-20 12:22:48,455 [INFO] WebApp:448 - Apply proxy settings
2024-11-20 12:22:48,455 [INFO] WebApp:533 - Chromium requires no authentication
2024-11-20 12:22:48,455 [INFO] WebApp:476 - Direct internet connection detected
2024-11-20 12:22:48,593 [INFO] WebApp:220 - Starting web application
2024-11-20 12:22:48,594 [INFO] WebApp:578 - Web application path used C:\ST\STM32CubeIDE_1.16.1\STM32CubeIDE\plugins\com.st.stm32cube.common.mx_6.12.1.202409122256\db\plugins\mcufinder\reactClient1\index.html
2024-11-20 12:22:48,744 [INFO] UserAuth:417 - Internet connection configuration mode: 1
2024-11-20 12:22:48,833 [INFO] WebApp:186 - Connection restablished
2024-11-20 12:23:14,233 [INFO] WebApp:189 - Connection lost
2024-11-20 12:23:14,348 [INFO] WebApp:186 - Connection restablished
